TN:
SF:src\components\Autocomplete.jsx
FN:13,Autocomplete
FN:30,(anonymous_1)
FN:31,(anonymous_2)
FN:54,(anonymous_3)
FN:57,(anonymous_4)
FN:63,(anonymous_5)
FN:70,(anonymous_6)
FN:90,(anonymous_7)
FN:98,(anonymous_8)
FN:99,(anonymous_9)
FN:107,(anonymous_10)
FN:116,(anonymous_11)
FN:159,(anonymous_12)
FN:162,(anonymous_13)
FN:163,(anonymous_14)
FNF:15
FNH:0
FNDA:0,Autocomplete
FNDA:0,(anonymous_1)
FNDA:0,(anonymous_2)
FNDA:0,(anonymous_3)
FNDA:0,(anonymous_4)
FNDA:0,(anonymous_5)
FNDA:0,(anonymous_6)
FNDA:0,(anonymous_7)
FNDA:0,(anonymous_8)
FNDA:0,(anonymous_9)
FNDA:0,(anonymous_10)
FNDA:0,(anonymous_11)
FNDA:0,(anonymous_12)
FNDA:0,(anonymous_13)
FNDA:0,(anonymous_14)
DA:22,0
DA:23,0
DA:24,0
DA:25,0
DA:26,0
DA:27,0
DA:28,0
DA:30,0
DA:31,0
DA:32,0
DA:33,0
DA:34,0
DA:35,0
DA:38,0
DA:39,0
DA:40,0
DA:41,0
DA:42,0
DA:43,0
DA:45,0
DA:46,0
DA:47,0
DA:49,0
DA:53,0
DA:54,0
DA:57,0
DA:58,0
DA:60,0
DA:62,0
DA:63,0
DA:64,0
DA:66,0
DA:69,0
DA:70,0
DA:71,0
DA:74,0
DA:75,0
DA:76,0
DA:78,0
DA:81,0
DA:82,0
DA:83,0
DA:86,0
DA:90,0
DA:91,0
DA:92,0
DA:93,0
DA:94,0
DA:98,0
DA:99,0
DA:100,0
DA:102,0
DA:106,0
DA:107,0
DA:110,0
DA:116,0
DA:160,0
DA:162,0
DA:163,0
LF:59
LH:0
BRDA:17,0,0,0
BRDA:18,1,0,0
BRDA:19,2,0,0
BRDA:20,3,0,0
BRDA:32,4,0,0
BRDA:32,4,1,0
BRDA:58,5,0,0
BRDA:58,5,1,0
BRDA:58,6,0,0
BRDA:58,6,1,0
BRDA:60,7,0,0
BRDA:60,7,1,0
BRDA:60,7,2,0
BRDA:60,7,3,0
BRDA:60,7,4,0
BRDA:64,8,0,0
BRDA:64,8,1,0
BRDA:70,9,0,0
BRDA:70,9,1,0
BRDA:75,10,0,0
BRDA:75,10,1,0
BRDA:75,11,0,0
BRDA:75,11,1,0
BRDA:100,12,0,0
BRDA:100,12,1,0
BRDA:100,13,0,0
BRDA:100,13,1,0
BRDA:100,13,2,0
BRDA:100,13,3,0
BRDA:129,14,0,0
BRDA:129,14,1,0
BRDA:141,15,0,0
BRDA:141,15,1,0
BRDA:141,15,2,0
BRDA:161,16,0,0
BRDA:161,16,1,0
BRDA:167,17,0,0
BRDA:167,17,1,0
BRDA:168,18,0,0
BRDA:168,18,1,0
BRF:40
BRH:0
end_of_record
TN:
SF:src\components\InteractiveMap.jsx
FN:13,PopupContent
FN:17,(anonymous_1)
FN:21,(anonymous_2)
FN:47,(anonymous_3)
FN:52,(anonymous_4)
FN:92,MapUpdater
FN:95,(anonymous_6)
FN:104,(anonymous_7)
FN:128,MapEventHandler
FN:132,(anonymous_9)
FN:133,(anonymous_10)
FN:152,(anonymous_11)
FN:161,(anonymous_12)
FN:165,(anonymous_13)
FN:177,SelectedPOIHandler
FN:184,(anonymous_15)
FN:188,(anonymous_16)
FN:196,(anonymous_17)
FN:200,(anonymous_18)
FN:211,(anonymous_19)
FN:243,(anonymous_20)
FN:267,(anonymous_21)
FN:275,(anonymous_22)
FN:286,InteractiveMap
FN:318,(anonymous_24)
FN:340,(anonymous_25)
FN:343,(anonymous_26)
FN:371,(anonymous_27)
FN:415,(anonymous_28)
FN:433,(anonymous_29)
FN:434,(anonymous_30)
FN:448,(anonymous_31)
FN:495,(anonymous_32)
FN:501,(anonymous_33)
FN:532,(anonymous_34)
FN:546,(anonymous_35)
FN:567,(anonymous_36)
FN:570,(anonymous_37)
FNF:38
FNH:0
FNDA:0,PopupContent
FNDA:0,(anonymous_1)
FNDA:0,(anonymous_2)
FNDA:0,(anonymous_3)
FNDA:0,(anonymous_4)
FNDA:0,MapUpdater
FNDA:0,(anonymous_6)
FNDA:0,(anonymous_7)
FNDA:0,MapEventHandler
FNDA:0,(anonymous_9)
FNDA:0,(anonymous_10)
FNDA:0,(anonymous_11)
FNDA:0,(anonymous_12)
FNDA:0,(anonymous_13)
FNDA:0,SelectedPOIHandler
FNDA:0,(anonymous_15)
FNDA:0,(anonymous_16)
FNDA:0,(anonymous_17)
FNDA:0,(anonymous_18)
FNDA:0,(anonymous_19)
FNDA:0,(anonymous_20)
FNDA:0,(anonymous_21)
FNDA:0,(anonymous_22)
FNDA:0,InteractiveMap
FNDA:0,(anonymous_24)
FNDA:0,(anonymous_25)
FNDA:0,(anonymous_26)
FNDA:0,(anonymous_27)
FNDA:0,(anonymous_28)
FNDA:0,(anonymous_29)
FNDA:0,(anonymous_30)
FNDA:0,(anonymous_31)
FNDA:0,(anonymous_32)
FNDA:0,(anonymous_33)
FNDA:0,(anonymous_34)
FNDA:0,(anonymous_35)
FNDA:0,(anonymous_36)
FNDA:0,(anonymous_37)
DA:14,0
DA:17,0
DA:22,0
DA:23,0
DA:24,0
DA:48,0
DA:49,0
DA:50,0
DA:53,0
DA:54,0
DA:55,0
DA:82,0
DA:89,0
DA:93,0
DA:95,0
DA:96,0
DA:97,0
DA:101,0
DA:104,0
DA:105,0
DA:106,0
DA:108,0
DA:109,0
DA:112,0
DA:113,0
DA:124,0
DA:129,0
DA:132,0
DA:133,0
DA:134,0
DA:135,0
DA:137,0
DA:143,0
DA:147,0
DA:151,0
DA:153,0
DA:154,0
DA:162,0
DA:163,0
DA:167,0
DA:168,0
DA:173,0
DA:178,0
DA:179,0
DA:180,0
DA:181,0
DA:184,0
DA:185,0
DA:188,0
DA:190,0
DA:191,0
DA:192,0
DA:195,0
DA:196,0
DA:197,0
DA:199,0
DA:200,0
DA:201,0
DA:202,0
DA:203,0
DA:205,0
DA:211,0
DA:212,0
DA:213,0
DA:218,0
DA:220,0
DA:222,0
DA:225,0
DA:226,0
DA:227,0
DA:229,0
DA:231,0
DA:232,0
DA:236,0
DA:241,0
DA:242,0
DA:243,0
DA:245,0
DA:246,0
DA:248,0
DA:254,0
DA:255,0
DA:261,0
DA:264,0
DA:267,0
DA:268,0
DA:269,0
DA:275,0
DA:276,0
DA:277,0
DA:278,0
DA:283,0
DA:306,0
DA:307,0
DA:309,0
DA:312,0
DA:315,0
DA:318,0
DA:319,0
DA:320,0
DA:321,0
DA:323,0
DA:340,0
DA:341,0
DA:343,0
DA:346,0
DA:350,0
DA:373,0
DA:374,0
DA:416,0
DA:418,0
DA:433,0
DA:434,0
DA:448,0
DA:496,0
DA:497,0
DA:498,0
DA:502,0
DA:503,0
DA:504,0
DA:533,0
DA:535,0
DA:536,0
DA:537,0
DA:538,0
DA:540,0
DA:548,0
DA:549,0
DA:553,0
DA:568,0
DA:569,0
DA:570,0
DA:571,0
LF:133
LH:0
BRDA:24,0,0,0
BRDA:24,0,1,0
BRDA:96,1,0,0
BRDA:96,1,1,0
BRDA:108,2,0,0
BRDA:108,2,1,0
BRDA:112,3,0,0
BRDA:112,3,1,0
BRDA:167,4,0,0
BRDA:167,4,1,0
BRDA:190,5,0,0
BRDA:190,5,1,0
BRDA:195,6,0,0
BRDA:195,6,1,0
BRDA:195,7,0,0
BRDA:195,7,1,0
BRDA:197,8,0,0
BRDA:197,8,1,0
BRDA:197,9,0,0
BRDA:197,9,1,0
BRDA:201,10,0,0
BRDA:201,10,1,0
BRDA:203,11,0,0
BRDA:203,11,1,0
BRDA:203,12,0,0
BRDA:203,12,1,0
BRDA:212,13,0,0
BRDA:212,13,1,0
BRDA:212,14,0,0
BRDA:212,14,1,0
BRDA:220,15,0,0
BRDA:220,15,1,0
BRDA:229,16,0,0
BRDA:229,16,1,0
BRDA:229,17,0,0
BRDA:229,17,1,0
BRDA:231,18,0,0
BRDA:231,18,1,0
BRDA:241,19,0,0
BRDA:241,19,1,0
BRDA:245,20,0,0
BRDA:245,20,1,0
BRDA:254,21,0,0
BRDA:254,21,1,0
BRDA:254,22,0,0
BRDA:254,22,1,0
BRDA:268,23,0,0
BRDA:268,23,1,0
BRDA:276,24,0,0
BRDA:276,24,1,0
BRDA:288,25,0,0
BRDA:295,26,0,0
BRDA:297,27,0,0
BRDA:298,28,0,0
BRDA:300,29,0,0
BRDA:302,30,0,0
BRDA:318,31,0,0
BRDA:319,32,0,0
BRDA:319,32,1,0
BRDA:320,33,0,0
BRDA:320,33,1,0
BRDA:321,34,0,0
BRDA:321,34,1,0
BRDA:332,35,0,0
BRDA:332,35,1,0
BRDA:332,36,0,0
BRDA:332,36,1,0
BRDA:341,37,0,0
BRDA:341,37,1,0
BRDA:366,38,0,0
BRDA:366,38,1,0
BRDA:373,39,0,0
BRDA:373,39,1,0
BRDA:374,40,0,0
BRDA:374,40,1,0
BRDA:416,41,0,0
BRDA:416,41,1,0
BRDA:473,42,0,0
BRDA:473,42,1,0
BRDA:480,43,0,0
BRDA:480,43,1,0
BRDA:481,44,0,0
BRDA:481,44,1,0
BRDA:484,45,0,0
BRDA:484,45,1,0
BRDA:484,46,0,0
BRDA:484,46,1,0
BRDA:490,47,0,0
BRDA:490,47,1,0
BRDA:490,48,0,0
BRDA:490,48,1,0
BRDA:496,49,0,0
BRDA:496,49,1,0
BRDA:496,50,0,0
BRDA:496,50,1,0
BRDA:502,51,0,0
BRDA:502,51,1,0
BRDA:502,52,0,0
BRDA:502,52,1,0
BRDA:508,53,0,0
BRDA:508,53,1,0
BRDA:509,54,0,0
BRDA:509,54,1,0
BRDA:510,55,0,0
BRDA:510,55,1,0
BRDA:515,56,0,0
BRDA:515,56,1,0
BRDA:533,57,0,0
BRDA:533,57,1,0
BRDA:533,58,0,0
BRDA:533,58,1,0
BRDA:535,59,0,0
BRDA:535,59,1,0
BRDA:536,60,0,0
BRDA:536,60,1,0
BRDA:542,61,0,0
BRDA:542,61,1,0
BRDA:548,62,0,0
BRDA:548,62,1,0
BRDA:553,63,0,0
BRDA:553,63,1,0
BRDA:553,64,0,0
BRDA:553,64,1,0
BRDA:569,65,0,0
BRDA:569,65,1,0
BRF:125
BRH:0
end_of_record
TN:
SF:src\components\IterativeProfileSetupChat.jsx
FN:9,ChatLoadingAnimation
FN:25,(anonymous_1)
FN:26,(anonymous_2)
FN:27,(anonymous_3)
FN:30,(anonymous_4)
FN:66,ProfileSetupChat
FN:78,(anonymous_6)
FN:81,(anonymous_7)
FN:102,(anonymous_8)
FN:113,(anonymous_9)
FN:129,(anonymous_10)
FN:164,(anonymous_11)
FN:178,(anonymous_12)
FN:231,(anonymous_13)
FN:248,(anonymous_14)
FN:255,(anonymous_15)
FN:264,(anonymous_16)
FN:330,(anonymous_17)
FN:425,(anonymous_18)
FNF:19
FNH:0
FNDA:0,ChatLoadingAnimation
FNDA:0,(anonymous_1)
FNDA:0,(anonymous_2)
FNDA:0,(anonymous_3)
FNDA:0,(anonymous_4)
FNDA:0,ProfileSetupChat
FNDA:0,(anonymous_6)
FNDA:0,(anonymous_7)
FNDA:0,(anonymous_8)
FNDA:0,(anonymous_9)
FNDA:0,(anonymous_10)
FNDA:0,(anonymous_11)
FNDA:0,(anonymous_12)
FNDA:0,(anonymous_13)
FNDA:0,(anonymous_14)
FNDA:0,(anonymous_15)
FNDA:0,(anonymous_16)
FNDA:0,(anonymous_17)
FNDA:0,(anonymous_18)
DA:10,0
DA:12,0
DA:25,0
DA:26,0
DA:27,0
DA:30,0
DA:33,0
DA:68,0
DA:69,0
DA:70,0
DA:71,0
DA:72,0
DA:73,0
DA:74,0
DA:75,0
DA:78,0
DA:81,0
DA:82,0
DA:83,0
DA:84,0
DA:85,0
DA:86,0
DA:87,0
DA:88,0
DA:91,0
DA:92,0
DA:95,0
DA:96,0
DA:102,0
DA:103,0
DA:104,0
DA:105,0
DA:107,0
DA:113,0
DA:114,0
DA:115,0
DA:117,0
DA:118,0
DA:119,0
DA:121,0
DA:123,0
DA:124,0
DA:129,0
DA:130,0
DA:131,0
DA:132,0
DA:136,0
DA:137,0
DA:138,0
DA:139,0
DA:143,0
DA:145,0
DA:146,0
DA:147,0
DA:148,0
DA:151,0
DA:153,0
DA:154,0
DA:155,0
DA:156,0
DA:157,0
DA:158,0
DA:160,0
DA:164,0
DA:169,0
DA:172,0
DA:173,0
DA:178,0
DA:179,0
DA:180,0
DA:181,0
DA:184,0
DA:185,0
DA:186,0
DA:189,0
DA:191,0
DA:192,0
DA:193,0
DA:197,0
DA:198,0
DA:201,0
DA:202,0
DA:206,0
DA:207,0
DA:208,0
DA:209,0
DA:210,0
DA:211,0
DA:213,0
DA:217,0
DA:218,0
DA:220,0
DA:221,0
DA:222,0
DA:223,0
DA:224,0
DA:225,0
DA:227,0
DA:231,0
DA:236,0
DA:240,0
DA:241,0
DA:243,0
DA:248,0
DA:249,0
DA:250,0
DA:255,0
DA:256,0
DA:257,0
DA:258,0
DA:260,0
DA:261,0
DA:264,0
DA:269,0
DA:273,0
DA:283,0
DA:331,0
DA:426,0
DA:427,0
DA:428,0
DA:429,0
DA:430,0
DA:431,0
DA:432,0
DA:433,0
DA:434,0
DA:436,0
DA:437,0
LF:128
LH:0
BRDA:66,0,0,0
BRDA:83,1,0,0
BRDA:83,1,1,0
BRDA:91,2,0,0
BRDA:91,2,1,0
BRDA:103,3,0,0
BRDA:103,3,1,0
BRDA:115,4,0,0
BRDA:115,4,1,0
BRDA:131,5,0,0
BRDA:131,5,1,0
BRDA:137,6,0,0
BRDA:137,6,1,0
BRDA:153,7,0,0
BRDA:153,7,1,0
BRDA:157,8,0,0
BRDA:157,8,1,0
BRDA:179,9,0,0
BRDA:179,9,1,0
BRDA:191,10,0,0
BRDA:191,10,1,0
BRDA:201,11,0,0
BRDA:201,11,1,0
BRDA:206,12,0,0
BRDA:206,12,1,0
BRDA:210,13,0,0
BRDA:210,13,1,0
BRDA:217,14,0,0
BRDA:217,14,1,0
BRDA:220,15,0,0
BRDA:220,15,1,0
BRDA:224,16,0,0
BRDA:224,16,1,0
BRDA:249,17,0,0
BRDA:249,17,1,0
BRDA:249,18,0,0
BRDA:249,18,1,0
BRDA:249,18,2,0
BRDA:249,18,3,0
BRDA:258,19,0,0
BRDA:258,19,1,0
BRDA:258,20,0,0
BRDA:258,20,1,0
BRDA:286,21,0,0
BRDA:286,21,1,0
BRDA:290,22,0,0
BRDA:290,22,1,0
BRDA:297,23,0,0
BRDA:297,23,1,0
BRDA:319,24,0,0
BRDA:319,24,1,0
BRDA:326,25,0,0
BRDA:326,25,1,0
BRDA:332,26,0,0
BRDA:332,26,1,0
BRDA:333,27,0,0
BRDA:333,27,1,0
BRDA:335,28,0,0
BRDA:335,28,1,0
BRDA:345,29,0,0
BRDA:345,29,1,0
BRDA:360,30,0,0
BRDA:360,30,1,0
BRDA:361,31,0,0
BRDA:361,31,1,0
BRDA:361,31,2,0
BRDA:372,32,0,0
BRDA:372,32,1,0
BRDA:372,32,2,0
BRDA:377,33,0,0
BRDA:377,33,1,0
BRDA:385,34,0,0
BRDA:385,34,1,0
BRDA:385,34,2,0
BRDA:391,35,0,0
BRDA:391,35,1,0
BRDA:417,36,0,0
BRDA:417,36,1,0
BRDA:418,37,0,0
BRDA:418,37,1,0
BRDA:436,38,0,0
BRDA:436,38,1,0
BRF:82
BRH:0
end_of_record
TN:
SF:src\components\MapsAPITester.jsx
FN:5,MapsAPITester
FN:39,(anonymous_1)
FN:49,(anonymous_2)
FN:120,(anonymous_3)
FN:129,(anonymous_4)
FN:144,(anonymous_5)
FN:154,(anonymous_6)
FN:168,(anonymous_7)
FN:185,(anonymous_8)
FN:194,(anonymous_9)
FN:210,(anonymous_10)
FN:220,(anonymous_11)
FN:230,(anonymous_12)
FN:244,(anonymous_13)
FN:245,(anonymous_14)
FN:249,(anonymous_15)
FN:290,(anonymous_16)
FN:291,(anonymous_17)
FN:295,(anonymous_18)
FN:335,(anonymous_19)
FN:349,(anonymous_20)
FN:385,(anonymous_21)
FN:399,(anonymous_22)
FN:417,(anonymous_23)
FN:420,(anonymous_24)
FNF:25
FNH:0
FNDA:0,MapsAPITester
FNDA:0,(anonymous_1)
FNDA:0,(anonymous_2)
FNDA:0,(anonymous_3)
FNDA:0,(anonymous_4)
FNDA:0,(anonymous_5)
FNDA:0,(anonymous_6)
FNDA:0,(anonymous_7)
FNDA:0,(anonymous_8)
FNDA:0,(anonymous_9)
FNDA:0,(anonymous_10)
FNDA:0,(anonymous_11)
FNDA:0,(anonymous_12)
FNDA:0,(anonymous_13)
FNDA:0,(anonymous_14)
FNDA:0,(anonymous_15)
FNDA:0,(anonymous_16)
FNDA:0,(anonymous_17)
FNDA:0,(anonymous_18)
FNDA:0,(anonymous_19)
FNDA:0,(anonymous_20)
FNDA:0,(anonymous_21)
FNDA:0,(anonymous_22)
FNDA:0,(anonymous_23)
FNDA:0,(anonymous_24)
DA:6,0
DA:7,0
DA:8,0
DA:9,0
DA:10,0
DA:11,0
DA:14,0
DA:15,0
DA:16,0
DA:17,0
DA:18,0
DA:19,0
DA:20,0
DA:21,0
DA:22,0
DA:23,0
DA:24,0
DA:25,0
DA:27,0
DA:39,0
DA:40,0
DA:41,0
DA:42,0
DA:44,0
DA:46,0
DA:49,0
DA:50,0
DA:51,0
DA:52,0
DA:53,0
DA:55,0
DA:56,0
DA:59,0
DA:61,0
DA:62,0
DA:65,0
DA:66,0
DA:69,0
DA:70,0
DA:71,0
DA:74,0
DA:75,0
DA:76,0
DA:77,0
DA:80,0
DA:81,0
DA:82,0
DA:85,0
DA:86,0
DA:88,0
DA:89,0
DA:92,0
DA:93,0
DA:95,0
DA:96,0
DA:97,0
DA:100,0
DA:101,0
DA:104,0
DA:105,0
DA:108,0
DA:111,0
DA:113,0
DA:114,0
DA:116,0
DA:120,0
DA:121,0
DA:123,0
DA:129,0
DA:137,0
DA:144,0
DA:154,0
DA:163,0
DA:168,0
DA:179,0
DA:185,0
DA:194,0
DA:203,0
DA:210,0
DA:220,0
DA:230,0
DA:239,0
DA:244,0
DA:246,0
DA:247,0
DA:250,0
DA:285,0
DA:290,0
DA:292,0
DA:293,0
DA:296,0
DA:335,0
DA:349,0
DA:363,0
DA:370,0
DA:374,0
DA:385,0
DA:399,0
DA:417,0
DA:421,0
DA:489,0
DA:497,0
DA:505,0
DA:514,0
LF:104
LH:0
BRDA:40,0,0,0
BRDA:40,0,1,0
BRDA:41,1,0,0
BRDA:41,1,1,0
BRDA:59,2,0,0
BRDA:59,2,1,0
BRDA:59,2,2,0
BRDA:59,2,3,0
BRDA:59,2,4,0
BRDA:59,2,5,0
BRDA:59,2,6,0
BRDA:59,2,7,0
BRDA:59,2,8,0
BRDA:59,2,9,0
BRDA:85,3,0,0
BRDA:85,3,1,0
BRDA:92,4,0,0
BRDA:92,4,1,0
BRDA:92,5,0,0
BRDA:92,5,1,0
BRDA:121,6,0,0
BRDA:121,6,1,0
BRDA:121,6,2,0
BRDA:121,6,3,0
BRDA:121,6,4,0
BRDA:121,6,5,0
BRDA:121,6,6,0
BRDA:121,6,7,0
BRDA:121,6,8,0
BRDA:121,6,9,0
BRDA:269,7,0,0
BRDA:269,7,1,0
BRDA:315,8,0,0
BRDA:315,8,1,0
BRDA:393,9,0,0
BRDA:393,9,1,0
BRDA:437,10,0,0
BRDA:437,10,1,0
BRDA:444,11,0,0
BRDA:444,11,1,0
BRDA:448,12,0,0
BRDA:448,12,1,0
BRDA:456,13,0,0
BRDA:456,13,1,0
BRDA:481,14,0,0
BRDA:481,14,1,0
BRF:46
BRH:0
end_of_record
TN:
SF:src\components\Modal.jsx
FN:11,Modal
FN:14,(anonymous_1)
FN:48,(anonymous_2)
FN:82,(anonymous_3)
FN:83,(anonymous_4)
FNF:5
FNH:0
FNDA:0,Modal
FNDA:0,(anonymous_1)
FNDA:0,(anonymous_2)
FNDA:0,(anonymous_3)
FNDA:0,(anonymous_4)
DA:12,0
DA:14,0
DA:15,0
DA:16,0
DA:20,0
DA:48,0
DA:82,0
DA:83,0
LF:8
LH:0
BRDA:11,0,0,0
BRDA:12,1,0,0
BRDA:12,1,1,0
BRDA:15,2,0,0
BRDA:15,2,1,0
BRF:5
BRH:0
end_of_record
TN:
SF:src\components\POIComponents.jsx
FN:10,POIImageThumbnail
FN:17,(anonymous_1)
FN:26,(anonymous_2)
FN:53,(anonymous_3)
FN:60,(anonymous_4)
FN:87,(anonymous_5)
FN:112,(anonymous_6)
FN:116,(anonymous_7)
FN:166,POITitle
FN:197,POIType
FN:221,POILinks
FN:233,(anonymous_11)
FN:242,(anonymous_12)
FN:243,(anonymous_13)
FN:253,(anonymous_14)
FN:262,(anonymous_15)
FN:263,(anonymous_16)
FN:275,POIDescription
FNF:18
FNH:0
FNDA:0,POIImageThumbnail
FNDA:0,(anonymous_1)
FNDA:0,(anonymous_2)
FNDA:0,(anonymous_3)
FNDA:0,(anonymous_4)
FNDA:0,(anonymous_5)
FNDA:0,(anonymous_6)
FNDA:0,(anonymous_7)
FNDA:0,POITitle
FNDA:0,POIType
FNDA:0,POILinks
FNDA:0,(anonymous_11)
FNDA:0,(anonymous_12)
FNDA:0,(anonymous_13)
FNDA:0,(anonymous_14)
FNDA:0,(anonymous_15)
FNDA:0,(anonymous_16)
FNDA:0,POIDescription
DA:11,0
DA:12,0
DA:13,0
DA:14,0
DA:17,0
DA:18,0
DA:19,0
DA:20,0
DA:21,0
DA:24,0
DA:26,0
DA:27,0
DA:28,0
DA:29,0
DA:30,0
DA:31,0
DA:32,0
DA:33,0
DA:34,0
DA:35,0
DA:39,0
DA:40,0
DA:41,0
DA:42,0
DA:43,0
DA:44,0
DA:45,0
DA:51,0
DA:53,0
DA:54,0
DA:58,0
DA:60,0
DA:61,0
DA:62,0
DA:63,0
DA:67,0
DA:71,0
DA:83,0
DA:87,0
DA:113,0
DA:114,0
DA:116,0
DA:167,0
DA:186,0
DA:199,0
DA:202,0
DA:206,0
DA:222,0
DA:223,0
DA:226,0
DA:233,0
DA:242,0
DA:243,0
DA:253,0
DA:262,0
DA:263,0
DA:276,0
DA:278,0
LF:58
LH:0
BRDA:10,0,0,0
BRDA:10,1,0,0
BRDA:10,2,0,0
BRDA:11,3,0,0
BRDA:11,3,1,0
BRDA:18,4,0,0
BRDA:18,4,1,0
BRDA:30,5,0,0
BRDA:30,5,1,0
BRDA:34,6,0,0
BRDA:34,6,1,0
BRDA:40,7,0,0
BRDA:40,7,1,0
BRDA:44,8,0,0
BRDA:44,8,1,0
BRDA:61,9,0,0
BRDA:61,9,1,0
BRDA:61,10,0,0
BRDA:61,10,1,0
BRDA:72,11,0,0
BRDA:72,11,1,0
BRDA:73,12,0,0
BRDA:73,12,1,0
BRDA:73,13,0,0
BRDA:73,13,1,0
BRDA:73,14,0,0
BRDA:73,14,1,0
BRDA:80,15,0,0
BRDA:80,15,1,0
BRDA:80,16,0,0
BRDA:80,16,1,0
BRDA:89,17,0,0
BRDA:89,17,1,0
BRDA:109,18,0,0
BRDA:109,18,1,0
BRDA:120,19,0,0
BRDA:120,19,1,0
BRDA:120,19,2,0
BRDA:120,19,3,0
BRDA:166,20,0,0
BRDA:199,21,0,0
BRDA:199,21,1,0
BRDA:202,22,0,0
BRDA:202,22,1,0
BRDA:204,23,0,0
BRDA:204,23,1,0
BRDA:221,24,0,0
BRDA:221,25,0,0
BRDA:222,26,0,0
BRDA:222,26,1,0
BRDA:222,27,0,0
BRDA:222,27,1,0
BRDA:228,28,0,0
BRDA:228,28,1,0
BRDA:248,29,0,0
BRDA:248,29,1,0
BRDA:276,30,0,0
BRDA:276,30,1,0
BRF:58
BRH:0
end_of_record
TN:
SF:src\components\PageSwitcher.jsx
FN:3,PageSwitcher
FN:35,(anonymous_1)
FN:38,(anonymous_2)
FN:53,(anonymous_3)
FN:58,(anonymous_4)
FNF:5
FNH:0
FNDA:0,PageSwitcher
FNDA:0,(anonymous_1)
FNDA:0,(anonymous_2)
FNDA:0,(anonymous_3)
FNDA:0,(anonymous_4)
DA:4,0
DA:11,0
DA:36,0
DA:38,0
DA:54,0
DA:55,0
DA:59,0
DA:60,0
LF:8
LH:0
BRDA:41,0,0,0
BRDA:41,0,1,0
BRDA:43,1,0,0
BRDA:43,1,1,0
BRDA:44,2,0,0
BRDA:44,2,1,0
BRDA:47,3,0,0
BRDA:47,3,1,0
BRDA:54,4,0,0
BRDA:54,4,1,0
BRDA:59,5,0,0
BRDA:59,5,1,0
BRF:12
BRH:0
end_of_record
TN:
SF:src\components\ProfileSetupModal.jsx
FN:10,ProfileSetupModal
FN:14,(anonymous_1)
FN:18,(anonymous_2)
FN:23,(anonymous_3)
FN:28,(anonymous_4)
FN:80,(anonymous_5)
FN:82,(anonymous_6)
FNF:7
FNH:0
FNDA:0,ProfileSetupModal
FNDA:0,(anonymous_1)
FNDA:0,(anonymous_2)
FNDA:0,(anonymous_3)
FNDA:0,(anonymous_4)
FNDA:0,(anonymous_5)
FNDA:0,(anonymous_6)
DA:11,0
DA:12,0
DA:14,0
DA:15,0
DA:18,0
DA:19,0
DA:20,0
DA:23,0
DA:24,0
DA:28,0
DA:29,0
DA:30,0
DA:32,0
DA:36,0
DA:82,0
LF:15
LH:0
BRDA:29,0,0,0
BRDA:29,0,1,0
BRDA:29,1,0,0
BRDA:29,1,1,0
BRDA:29,1,2,0
BRDA:56,2,0,0
BRDA:56,2,1,0
BRDA:88,3,0,0
BRDA:88,3,1,0
BRF:9
BRH:0
end_of_record
TN:
SF:src\components\PromptForm.jsx
FN:3,PromptForm
FN:16,(anonymous_1)
FNF:2
FNH:0
FNDA:0,PromptForm
FNDA:0,(anonymous_1)
DA:11,0
DA:16,0
LF:2
LH:0
BRDA:33,0,0,0
BRDA:33,0,1,0
BRDA:33,0,2,0
BRDA:35,1,0,0
BRDA:35,1,1,0
BRDA:40,2,0,0
BRDA:40,2,1,0
BRDA:40,3,0,0
BRDA:40,3,1,0
BRDA:41,4,0,0
BRDA:41,4,1,0
BRDA:41,5,0,0
BRDA:41,5,1,0
BRDA:46,6,0,0
BRDA:46,6,1,0
BRDA:46,7,0,0
BRDA:46,7,1,0
BRDA:59,8,0,0
BRDA:59,8,1,0
BRDA:60,9,0,0
BRDA:60,9,1,0
BRF:21
BRH:0
end_of_record
TN:
SF:src\components\ResponseDisplay.jsx
FN:4,ResponseDisplay
FNF:1
FNH:0
FNDA:0,ResponseDisplay
DA:5,0
LF:1
LH:0
BRF:0
BRH:0
end_of_record
TN:
SF:src\components\SimpleProfileSetupChat.jsx
FN:12,SimpleProfileSetupChat
FN:35,(anonymous_1)
FN:52,(anonymous_2)
FN:62,(anonymous_3)
FN:92,(anonymous_4)
FN:122,(anonymous_5)
FN:130,(anonymous_6)
FN:131,(anonymous_7)
FN:163,(anonymous_8)
FN:193,(anonymous_9)
FN:194,(anonymous_10)
FN:196,(anonymous_11)
FN:203,(anonymous_12)
FN:204,(anonymous_13)
FN:210,(anonymous_14)
FN:211,(anonymous_15)
FN:274,(anonymous_16)
FN:278,(anonymous_17)
FN:289,(anonymous_18)
FN:294,(anonymous_19)
FN:313,(anonymous_20)
FN:318,(anonymous_21)
FN:332,(anonymous_22)
FN:332,(anonymous_23)
FN:362,(anonymous_24)
FN:375,(anonymous_25)
FNF:26
FNH:0
FNDA:0,SimpleProfileSetupChat
FNDA:0,(anonymous_1)
FNDA:0,(anonymous_2)
FNDA:0,(anonymous_3)
FNDA:0,(anonymous_4)
FNDA:0,(anonymous_5)
FNDA:0,(anonymous_6)
FNDA:0,(anonymous_7)
FNDA:0,(anonymous_8)
FNDA:0,(anonymous_9)
FNDA:0,(anonymous_10)
FNDA:0,(anonymous_11)
FNDA:0,(anonymous_12)
FNDA:0,(anonymous_13)
FNDA:0,(anonymous_14)
FNDA:0,(anonymous_15)
FNDA:0,(anonymous_16)
FNDA:0,(anonymous_17)
FNDA:0,(anonymous_18)
FNDA:0,(anonymous_19)
FNDA:0,(anonymous_20)
FNDA:0,(anonymous_21)
FNDA:0,(anonymous_22)
FNDA:0,(anonymous_23)
FNDA:0,(anonymous_24)
FNDA:0,(anonymous_25)
DA:17,0
DA:18,0
DA:19,0
DA:27,0
DA:31,0
DA:32,0
DA:35,0
DA:36,0
DA:37,0
DA:45,0
DA:52,0
DA:53,0
DA:54,0
DA:55,0
DA:56,0
DA:58,0
DA:62,0
DA:63,0
DA:65,0
DA:68,0
DA:70,0
DA:72,0
DA:75,0
DA:76,0
DA:77,0
DA:78,0
DA:80,0
DA:83,0
DA:86,0
DA:89,0
DA:92,0
DA:93,0
DA:95,0
DA:98,0
DA:100,0
DA:102,0
DA:105,0
DA:106,0
DA:107,0
DA:108,0
DA:110,0
DA:113,0
DA:116,0
DA:119,0
DA:122,0
DA:123,0
DA:125,0
DA:128,0
DA:130,0
DA:131,0
DA:133,0
DA:139,0
DA:141,0
DA:143,0
DA:146,0
DA:147,0
DA:148,0
DA:149,0
DA:151,0
DA:154,0
DA:157,0
DA:160,0
DA:163,0
DA:164,0
DA:166,0
DA:169,0
DA:171,0
DA:173,0
DA:176,0
DA:177,0
DA:178,0
DA:179,0
DA:181,0
DA:184,0
DA:187,0
DA:190,0
DA:193,0
DA:194,0
DA:195,0
DA:196,0
DA:198,0
DA:203,0
DA:204,0
DA:210,0
DA:211,0
DA:217,0
DA:218,0
DA:230,0
DA:231,0
DA:249,0
DA:275,0
DA:278,0
DA:290,0
DA:294,0
DA:314,0
DA:318,0
DA:332,0
DA:362,0
DA:375,0
LF:99
LH:0
BRDA:53,0,0,0
BRDA:53,0,1,0
BRDA:63,1,0,0
BRDA:63,1,1,0
BRDA:70,2,0,0
BRDA:70,2,1,0
BRDA:76,3,0,0
BRDA:76,3,1,0
BRDA:93,4,0,0
BRDA:93,4,1,0
BRDA:93,5,0,0
BRDA:93,5,1,0
BRDA:100,6,0,0
BRDA:100,6,1,0
BRDA:106,7,0,0
BRDA:106,7,1,0
BRDA:123,8,0,0
BRDA:123,8,1,0
BRDA:141,9,0,0
BRDA:141,9,1,0
BRDA:147,10,0,0
BRDA:147,10,1,0
BRDA:164,11,0,0
BRDA:164,11,1,0
BRDA:171,12,0,0
BRDA:171,12,1,0
BRDA:177,13,0,0
BRDA:177,13,1,0
BRDA:195,14,0,0
BRDA:195,14,1,0
BRDA:213,15,0,0
BRDA:213,15,1,0
BRDA:217,16,0,0
BRDA:217,16,1,0
BRDA:230,17,0,0
BRDA:230,17,1,0
BRDA:272,18,0,0
BRDA:272,18,1,0
BRDA:287,19,0,0
BRDA:287,19,1,0
BRDA:303,20,0,0
BRDA:303,20,1,0
BRDA:310,21,0,0
BRDA:310,21,1,0
BRDA:350,22,0,0
BRDA:350,22,1,0
BRDA:392,23,0,0
BRDA:392,23,1,0
BRF:48
BRH:0
end_of_record
TN:
SF:src\components\StatusBar.jsx
FN:3,StatusBar
FNF:1
FNH:0
FNDA:0,StatusBar
DA:4,0
LF:1
LH:0
BRF:0
BRH:0
end_of_record
TN:
SF:src\components\WarningDialog.jsx
FN:7,WarningDialog
FNF:1
FNH:0
FNDA:0,WarningDialog
DA:8,0
DA:10,0
LF:2
LH:0
BRDA:7,0,0,0
BRDA:7,1,0,0
BRDA:8,2,0,0
BRDA:8,2,1,0
BRF:4
BRH:0
end_of_record
TN:
SF:src\hooks\useLanguageModel.js
FN:3,useLanguageModel
FN:9,(anonymous_1)
FN:10,(anonymous_2)
FN:17,(anonymous_3)
FN:36,(anonymous_4)
FN:47,(anonymous_5)
FNF:6
FNH:0
FNDA:0,useLanguageModel
FNDA:0,(anonymous_1)
FNDA:0,(anonymous_2)
FNDA:0,(anonymous_3)
FNDA:0,(anonymous_4)
FNDA:0,(anonymous_5)
DA:4,0
DA:5,0
DA:6,0
DA:9,0
DA:10,0
DA:11,0
DA:12,0
DA:17,0
DA:18,0
DA:19,0
DA:20,0
DA:21,0
DA:23,0
DA:24,0
DA:25,0
DA:27,0
DA:28,0
DA:31,0
DA:32,0
DA:36,0
DA:37,0
DA:38,0
DA:39,0
DA:41,0
DA:43,0
DA:47,0
DA:48,0
DA:49,0
DA:52,0
DA:53,0
DA:56,0
LF:31
LH:0
BRDA:11,0,0,0
BRDA:11,0,1,0
BRDA:23,1,0,0
BRDA:23,1,1,0
BRDA:37,2,0,0
BRDA:37,2,1,0
BRDA:48,3,0,0
BRDA:48,3,1,0
BRF:8
BRH:0
end_of_record
TN:
SF:src\hooks\usePromptAPI.js
FN:8,usePromptAPI
FN:19,(anonymous_1)
FN:54,(anonymous_2)
FN:69,(anonymous_3)
FN:82,(anonymous_4)
FN:95,(anonymous_5)
FN:109,(anonymous_6)
FNF:7
FNH:0
FNDA:0,usePromptAPI
FNDA:0,(anonymous_1)
FNDA:0,(anonymous_2)
FNDA:0,(anonymous_3)
FNDA:0,(anonymous_4)
FNDA:0,(anonymous_5)
FNDA:0,(anonymous_6)
DA:9,0
DA:10,0
DA:11,0
DA:12,0
DA:14,0
DA:19,0
DA:20,0
DA:21,0
DA:22,0
DA:23,0
DA:25,0
DA:27,0
DA:28,0
DA:29,0
DA:30,0
DA:31,0
DA:33,0
DA:34,0
DA:35,0
DA:37,0
DA:38,0
DA:39,0
DA:41,0
DA:42,0
DA:45,0
DA:46,0
DA:47,0
DA:54,0
DA:55,0
DA:56,0
DA:57,0
DA:58,0
DA:60,0
DA:61,0
DA:62,0
DA:69,0
DA:70,0
DA:71,0
DA:72,0
DA:74,0
DA:75,0
DA:82,0
DA:83,0
DA:84,0
DA:85,0
DA:87,0
DA:88,0
DA:95,0
DA:96,0
DA:97,0
DA:98,0
DA:99,0
DA:101,0
DA:102,0
DA:109,0
DA:110,0
DA:111,0
DA:112,0
DA:113,0
DA:115,0
DA:116,0
DA:117,0
DA:121,0
LF:63
LH:0
BRDA:25,0,0,0
BRDA:25,0,1,0
BRDA:37,1,0,0
BRDA:37,1,1,0
BRDA:54,2,0,0
BRDA:69,3,0,0
BRDA:82,4,0,0
BRDA:109,5,0,0
BRF:8
BRH:0
end_of_record
TN:
SF:src\hooks\useStreamingText.js
FN:7,useStreamingText
FN:19,(anonymous_1)
FN:69,(anonymous_2)
FNF:3
FNH:0
FNDA:0,useStreamingText
FNDA:0,(anonymous_1)
FNDA:0,(anonymous_2)
DA:8,0
DA:9,0
DA:19,0
DA:24,0
DA:26,0
DA:27,0
DA:29,0
DA:30,0
DA:31,0
DA:33,0
DA:35,0
DA:39,0
DA:40,0
DA:41,0
DA:44,0
DA:46,0
DA:47,0
DA:50,0
DA:52,0
DA:53,0
DA:54,0
DA:56,0
DA:57,0
DA:60,0
DA:62,0
DA:69,0
DA:70,0
DA:71,0
DA:74,0
LF:29
LH:0
BRDA:19,0,0,0
BRDA:21,1,0,0
BRDA:35,2,0,0
BRDA:35,2,1,0
BRDA:46,3,0,0
BRDA:46,3,1,0
BRDA:56,4,0,0
BRDA:56,4,1,0
BRF:8
BRH:0
end_of_record
TN:
SF:src\hooks\useSummarizer.js
FN:4,useSummarizer
FN:13,(anonymous_1)
FN:37,(anonymous_2)
FN:43,(anonymous_3)
FN:60,(anonymous_4)
FN:69,(anonymous_5)
FN:82,(anonymous_6)
FNF:7
FNH:0
FNDA:0,useSummarizer
FNDA:0,(anonymous_1)
FNDA:0,(anonymous_2)
FNDA:0,(anonymous_3)
FNDA:0,(anonymous_4)
FNDA:0,(anonymous_5)
FNDA:0,(anonymous_6)
DA:5,0
DA:6,0
DA:7,0
DA:8,0
DA:9,0
DA:10,0
DA:11,0
DA:13,0
DA:14,0
DA:15,0
DA:16,0
DA:17,0
DA:19,0
DA:20,0
DA:21,0
DA:22,0
DA:23,0
DA:24,0
DA:25,0
DA:26,0
DA:27,0
DA:30,0
DA:31,0
DA:32,0
DA:33,0
DA:37,0
DA:38,0
DA:39,0
DA:40,0
DA:42,0
DA:43,0
DA:44,0
DA:45,0
DA:48,0
DA:49,0
DA:50,0
DA:51,0
DA:53,0
DA:54,0
DA:55,0
DA:56,0
DA:60,0
DA:61,0
DA:62,0
DA:63,0
DA:65,0
DA:69,0
DA:70,0
DA:71,0
DA:72,0
DA:73,0
DA:75,0
DA:76,0
DA:77,0
DA:78,0
DA:82,0
DA:83,0
DA:84,0
DA:85,0
DA:88,0
LF:60
LH:0
BRDA:19,0,0,0
BRDA:19,0,1,0
BRDA:22,1,0,0
BRDA:22,1,1,0
BRDA:25,2,0,0
BRDA:25,2,1,0
BRDA:37,3,0,0
BRDA:60,4,0,0
BRDA:69,5,0,0
BRF:9
BRH:0
end_of_record
TN:
SF:src\models\POI.js
FN:5,(anonymous_0)
FN:28,(anonymous_1)
FN:35,(anonymous_2)
FN:42,(anonymous_3)
FN:49,(anonymous_4)
FN:65,(anonymous_5)
FN:81,(anonymous_6)
FN:88,(anonymous_7)
FN:95,(anonymous_8)
FN:118,(anonymous_9)
FNF:10
FNH:0
FNDA:0,(anonymous_0)
FNDA:0,(anonymous_1)
FNDA:0,(anonymous_2)
FNDA:0,(anonymous_3)
FNDA:0,(anonymous_4)
FNDA:0,(anonymous_5)
FNDA:0,(anonymous_6)
FNDA:0,(anonymous_7)
FNDA:0,(anonymous_8)
FNDA:0,(anonymous_9)
DA:6,0
DA:7,0
DA:8,0
DA:9,0
DA:10,0
DA:11,0
DA:12,0
DA:13,0
DA:14,0
DA:15,0
DA:16,0
DA:17,0
DA:18,0
DA:19,0
DA:22,0
DA:29,0
DA:36,0
DA:43,0
DA:50,0
DA:51,0
DA:52,0
DA:66,0
DA:69,0
DA:70,0
DA:71,0
DA:75,0
DA:82,0
DA:89,0
DA:96,0
DA:119,0
LF:30
LH:0
BRDA:7,0,0,0
BRDA:7,0,1,0
BRDA:22,1,0,0
BRDA:22,1,1,0
BRDA:50,2,0,0
BRDA:50,2,1,0
BRDA:50,3,0,0
BRDA:50,3,1,0
BRDA:53,4,0,0
BRDA:53,4,1,0
BRDA:53,4,2,0
BRDA:53,4,3,0
BRDA:66,5,0,0
BRDA:66,5,1,0
BRDA:69,6,0,0
BRDA:69,6,1,0
BRF:16
BRH:0
end_of_record
TN:
SF:src\models\UserProfile.js
FN:77,(anonymous_0)
FN:143,(anonymous_1)
FN:162,(anonymous_2)
FN:172,(anonymous_3)
FN:186,(anonymous_4)
FN:201,(anonymous_5)
FN:217,(anonymous_6)
FN:226,(anonymous_7)
FN:336,(anonymous_8)
FN:346,(anonymous_9)
FN:360,(anonymous_10)
FN:368,(anonymous_11)
FN:374,(anonymous_12)
FN:389,(anonymous_13)
FN:408,(anonymous_14)
FN:412,(anonymous_15)
FN:425,(anonymous_16)
FN:453,(anonymous_17)
FN:476,createExampleProfile
FNF:19
FNH:2
FNDA:0,(anonymous_0)
FNDA:30,(anonymous_1)
FNDA:0,(anonymous_2)
FNDA:94,(anonymous_3)
FNDA:0,(anonymous_4)
FNDA:0,(anonymous_5)
FNDA:0,(anonymous_6)
FNDA:0,(anonymous_7)
FNDA:0,(anonymous_8)
FNDA:0,(anonymous_9)
FNDA:0,(anonymous_10)
FNDA:0,(anonymous_11)
FNDA:0,(anonymous_12)
FNDA:0,(anonymous_13)
FNDA:0,(anonymous_14)
FNDA:0,(anonymous_15)
FNDA:0,(anonymous_16)
FNDA:0,(anonymous_17)
FNDA:0,createExampleProfile
DA:12,4
DA:29,4
DA:44,4
DA:59,4
DA:78,0
DA:79,0
DA:80,0
DA:81,0
DA:82,0
DA:83,0
DA:144,30
DA:145,30
DA:146,30
DA:147,30
DA:148,30
DA:149,30
DA:150,30
DA:151,30
DA:152,30
DA:163,0
DA:164,0
DA:166,0
DA:173,94
DA:178,34
DA:180,60
DA:187,0
DA:202,0
DA:203,0
DA:204,0
DA:205,0
DA:206,0
DA:207,0
DA:208,0
DA:209,0
DA:210,0
DA:211,0
DA:218,0
DA:219,0
DA:220,0
DA:227,0
DA:229,0
DA:230,0
DA:242,0
DA:243,0
DA:255,0
DA:256,0
DA:267,0
DA:268,0
DA:281,0
DA:282,0
DA:293,0
DA:294,0
DA:313,0
DA:314,0
DA:330,0
DA:337,0
DA:338,0
DA:340,0
DA:347,0
DA:348,0
DA:354,0
DA:361,0
DA:362,0
DA:368,0
DA:375,0
DA:376,0
DA:378,0
DA:390,0
DA:391,0
DA:393,0
DA:394,0
DA:395,0
DA:396,0
DA:397,0
DA:398,0
DA:399,0
DA:400,0
DA:402,0
DA:409,0
DA:410,0
DA:412,0
DA:413,0
DA:414,0
DA:415,0
DA:416,0
DA:418,0
DA:426,0
DA:454,0
DA:455,0
DA:456,0
DA:457,0
DA:458,0
DA:459,0
DA:460,0
DA:463,0
DA:464,0
DA:466,0
DA:467,0
DA:470,0
DA:471,0
DA:477,0
DA:480,0
DA:481,0
DA:482,0
DA:485,0
DA:486,0
DA:487,0
DA:488,0
DA:489,0
DA:492,0
DA:493,0
DA:494,0
DA:495,0
DA:498,0
DA:499,0
DA:500,0
DA:501,0
DA:503,0
DA:504,0
DA:506,0
LF:120
LH:16
BRDA:163,0,0,0
BRDA:163,0,1,0
BRDA:173,1,0,34
BRDA:173,1,1,60
BRDA:173,2,0,94
BRDA:173,2,1,77
BRDA:173,2,2,60
BRDA:173,2,3,60
BRDA:173,2,4,60
BRDA:187,3,0,0
BRDA:187,3,1,0
BRDA:187,3,2,0
BRDA:187,3,3,0
BRDA:187,3,4,0
BRDA:187,3,5,0
BRDA:187,3,6,0
BRDA:187,3,7,0
BRDA:187,3,8,0
BRDA:203,4,0,0
BRDA:203,4,1,0
BRDA:204,5,0,0
BRDA:204,5,1,0
BRDA:205,6,0,0
BRDA:205,6,1,0
BRDA:206,7,0,0
BRDA:206,7,1,0
BRDA:207,8,0,0
BRDA:207,8,1,0
BRDA:208,9,0,0
BRDA:208,9,1,0
BRDA:208,10,0,0
BRDA:208,10,1,0
BRDA:209,11,0,0
BRDA:209,11,1,0
BRDA:210,12,0,0
BRDA:210,12,1,0
BRDA:229,13,0,0
BRDA:229,13,1,0
BRDA:242,14,0,0
BRDA:242,14,1,0
BRDA:255,15,0,0
BRDA:255,15,1,0
BRDA:267,16,0,0
BRDA:267,16,1,0
BRDA:267,17,0,0
BRDA:267,17,1,0
BRDA:281,18,0,0
BRDA:281,18,1,0
BRDA:281,19,0,0
BRDA:281,19,1,0
BRDA:293,20,0,0
BRDA:293,20,1,0
BRDA:313,21,0,0
BRDA:313,21,1,0
BRDA:337,22,0,0
BRDA:337,22,1,0
BRDA:347,23,0,0
BRDA:347,23,1,0
BRDA:354,24,0,0
BRDA:354,24,1,0
BRDA:361,25,0,0
BRDA:361,25,1,0
BRDA:361,26,0,0
BRDA:361,26,1,0
BRDA:368,27,0,0
BRDA:368,27,1,0
BRDA:375,28,0,0
BRDA:375,28,1,0
BRDA:378,29,0,0
BRDA:378,29,1,0
BRDA:378,29,2,0
BRDA:378,29,3,0
BRDA:378,29,4,0
BRDA:378,29,5,0
BRDA:390,30,0,0
BRDA:390,30,1,0
BRDA:394,31,0,0
BRDA:394,31,1,0
BRDA:395,32,0,0
BRDA:395,32,1,0
BRDA:396,33,0,0
BRDA:396,33,1,0
BRDA:397,34,0,0
BRDA:397,34,1,0
BRDA:398,35,0,0
BRDA:398,35,1,0
BRDA:399,36,0,0
BRDA:399,36,1,0
BRDA:402,37,0,0
BRDA:402,37,1,0
BRDA:409,38,0,0
BRDA:409,38,1,0
BRDA:409,39,0,0
BRDA:409,39,1,0
BRDA:413,40,0,0
BRDA:413,40,1,0
BRDA:414,41,0,0
BRDA:414,41,1,0
BRDA:415,42,0,0
BRDA:415,42,1,0
BRDA:434,43,0,0
BRDA:434,43,1,0
BRDA:463,44,0,0
BRDA:463,44,1,0
BRF:104
BRH:7
end_of_record
TN:
SF:src\pages\GeminiNano.jsx
FN:8,GeminiNano
FN:44,(anonymous_1)
FN:47,(anonymous_2)
FN:48,(anonymous_3)
FN:50,(anonymous_4)
FN:54,(anonymous_5)
FN:67,(anonymous_6)
FN:74,(anonymous_7)
FN:104,(anonymous_8)
FN:104,(anonymous_9)
FN:119,(anonymous_10)
FN:119,(anonymous_11)
FN:135,(anonymous_12)
FN:135,(anonymous_13)
FN:146,(anonymous_14)
FN:147,(anonymous_15)
FN:173,(anonymous_16)
FN:174,(anonymous_17)
FN:197,(anonymous_18)
FN:224,(anonymous_19)
FN:251,(anonymous_20)
FN:279,(anonymous_21)
FN:312,(anonymous_22)
FNF:23
FNH:0
FNDA:0,GeminiNano
FNDA:0,(anonymous_1)
FNDA:0,(anonymous_2)
FNDA:0,(anonymous_3)
FNDA:0,(anonymous_4)
FNDA:0,(anonymous_5)
FNDA:0,(anonymous_6)
FNDA:0,(anonymous_7)
FNDA:0,(anonymous_8)
FNDA:0,(anonymous_9)
FNDA:0,(anonymous_10)
FNDA:0,(anonymous_11)
FNDA:0,(anonymous_12)
FNDA:0,(anonymous_13)
FNDA:0,(anonymous_14)
FNDA:0,(anonymous_15)
FNDA:0,(anonymous_16)
FNDA:0,(anonymous_17)
FNDA:0,(anonymous_18)
FNDA:0,(anonymous_19)
FNDA:0,(anonymous_20)
FNDA:0,(anonymous_21)
FNDA:0,(anonymous_22)
DA:9,0
DA:12,0
DA:21,0
DA:22,0
DA:23,0
DA:26,0
DA:39,0
DA:41,0
DA:44,0
DA:45,0
DA:46,0
DA:47,0
DA:48,0
DA:50,0
DA:54,0
DA:55,0
DA:56,0
DA:58,0
DA:60,0
DA:61,0
DA:64,0
DA:65,0
DA:67,0
DA:70,0
DA:74,0
DA:75,0
DA:76,0
DA:77,0
DA:80,0
DA:104,0
DA:119,0
DA:135,0
DA:146,0
DA:147,0
DA:173,0
DA:174,0
DA:198,0
DA:205,0
DA:206,0
DA:207,0
DA:208,0
DA:225,0
DA:232,0
DA:233,0
DA:234,0
DA:235,0
DA:252,0
DA:259,0
DA:260,0
DA:261,0
DA:262,0
DA:280,0
DA:281,0
DA:282,0
DA:283,0
DA:285,0
DA:313,0
DA:314,0
DA:315,0
LF:59
LH:0
BRDA:46,0,0,0
BRDA:46,0,1,0
BRDA:56,1,0,0
BRDA:56,1,1,0
BRDA:60,2,0,0
BRDA:60,2,1,0
BRDA:157,3,0,0
BRDA:157,3,1,0
BRDA:160,4,0,0
BRDA:160,4,1,0
BRDA:184,5,0,0
BRDA:184,5,1,0
BRDA:187,6,0,0
BRDA:187,6,1,0
BRDA:291,7,0,0
BRDA:291,7,1,0
BRDA:295,8,0,0
BRDA:295,8,1,0
BRF:18
BRH:0
end_of_record
TN:
SF:src\pages\MapsTest.jsx
FN:4,MapsTest
FNF:1
FNH:0
FNDA:0,MapsTest
DA:5,0
LF:1
LH:0
BRF:0
BRH:0
end_of_record
TN:
SF:src\pages\RoutePlanner.jsx
FN:13,RoutePlanner
FN:35,(anonymous_1)
FN:50,(anonymous_2)
FN:51,(anonymous_3)
FN:52,(anonymous_4)
FN:62,(anonymous_5)
FN:63,(anonymous_6)
FN:83,(anonymous_7)
FN:100,(anonymous_8)
FN:120,(anonymous_9)
FN:127,(anonymous_10)
FN:141,(anonymous_11)
FN:148,(anonymous_12)
FN:157,(anonymous_13)
FN:162,(anonymous_14)
FN:166,(anonymous_15)
FN:175,(anonymous_16)
FN:205,(anonymous_17)
FN:206,(anonymous_18)
FN:210,(anonymous_19)
FN:228,(anonymous_20)
FN:261,(anonymous_21)
FN:305,(anonymous_22)
FN:307,(anonymous_23)
FN:331,(anonymous_24)
FN:360,(anonymous_25)
FN:408,(anonymous_26)
FN:427,(anonymous_27)
FN:466,(anonymous_28)
FN:475,(anonymous_29)
FN:477,(anonymous_30)
FN:493,(anonymous_31)
FN:496,(anonymous_32)
FNF:33
FNH:0
FNDA:0,RoutePlanner
FNDA:0,(anonymous_1)
FNDA:0,(anonymous_2)
FNDA:0,(anonymous_3)
FNDA:0,(anonymous_4)
FNDA:0,(anonymous_5)
FNDA:0,(anonymous_6)
FNDA:0,(anonymous_7)
FNDA:0,(anonymous_8)
FNDA:0,(anonymous_9)
FNDA:0,(anonymous_10)
FNDA:0,(anonymous_11)
FNDA:0,(anonymous_12)
FNDA:0,(anonymous_13)
FNDA:0,(anonymous_14)
FNDA:0,(anonymous_15)
FNDA:0,(anonymous_16)
FNDA:0,(anonymous_17)
FNDA:0,(anonymous_18)
FNDA:0,(anonymous_19)
FNDA:0,(anonymous_20)
FNDA:0,(anonymous_21)
FNDA:0,(anonymous_22)
FNDA:0,(anonymous_23)
FNDA:0,(anonymous_24)
FNDA:0,(anonymous_25)
FNDA:0,(anonymous_26)
FNDA:0,(anonymous_27)
FNDA:0,(anonymous_28)
FNDA:0,(anonymous_29)
FNDA:0,(anonymous_30)
FNDA:0,(anonymous_31)
FNDA:0,(anonymous_32)
DA:11,0
DA:14,0
DA:15,0
DA:16,0
DA:17,0
DA:18,0
DA:19,0
DA:20,0
DA:21,0
DA:22,0
DA:23,0
DA:24,0
DA:29,0
DA:30,0
DA:31,0
DA:35,0
DA:36,0
DA:37,0
DA:38,0
DA:39,0
DA:40,0
DA:41,0
DA:43,0
DA:44,0
DA:50,0
DA:51,0
DA:52,0
DA:53,0
DA:55,0
DA:57,0
DA:62,0
DA:63,0
DA:64,0
DA:65,0
DA:67,0
DA:73,0
DA:83,0
DA:85,0
DA:86,0
DA:89,0
DA:90,0
DA:91,0
DA:100,0
DA:101,0
DA:102,0
DA:105,0
DA:106,0
DA:107,0
DA:108,0
DA:109,0
DA:110,0
DA:111,0
DA:114,0
DA:116,0
DA:120,0
DA:121,0
DA:122,0
DA:127,0
DA:128,0
DA:129,0
DA:130,0
DA:131,0
DA:134,0
DA:135,0
DA:136,0
DA:137,0
DA:141,0
DA:142,0
DA:143,0
DA:144,0
DA:148,0
DA:149,0
DA:150,0
DA:151,0
DA:152,0
DA:157,0
DA:158,0
DA:159,0
DA:162,0
DA:163,0
DA:166,0
DA:167,0
DA:168,0
DA:169,0
DA:171,0
DA:175,0
DA:176,0
DA:177,0
DA:178,0
DA:181,0
DA:182,0
DA:183,0
DA:186,0
DA:187,0
DA:188,0
DA:191,0
DA:192,0
DA:194,0
DA:195,0
DA:197,0
DA:199,0
DA:200,0
DA:202,0
DA:205,0
DA:206,0
DA:209,0
DA:210,0
DA:211,0
DA:213,0
DA:217,0
DA:218,0
DA:220,0
DA:228,0
DA:229,0
DA:230,0
DA:231,0
DA:233,0
DA:236,0
DA:238,0
DA:239,0
DA:240,0
DA:242,0
DA:247,0
DA:250,0
DA:261,0
DA:263,0
DA:264,0
DA:266,0
DA:267,0
DA:268,0
DA:270,0
DA:273,0
DA:275,0
DA:278,0
DA:279,0
DA:280,0
DA:281,0
DA:286,0
DA:305,0
DA:308,0
DA:331,0
DA:361,0
DA:362,0
DA:363,0
DA:364,0
DA:365,0
DA:408,0
DA:428,0
DA:429,0
DA:431,0
DA:467,0
DA:468,0
DA:469,0
DA:471,0
DA:477,0
DA:494,0
DA:497,0
LF:157
LH:0
BRDA:37,0,0,0
BRDA:37,0,1,0
BRDA:53,1,0,0
BRDA:53,1,1,0
BRDA:64,2,0,0
BRDA:64,2,1,0
BRDA:85,3,0,0
BRDA:85,3,1,0
BRDA:89,4,0,0
BRDA:89,4,1,0
BRDA:89,5,0,0
BRDA:89,5,1,0
BRDA:92,6,0,0
BRDA:92,6,1,0
BRDA:92,6,2,0
BRDA:92,6,3,0
BRDA:101,7,0,0
BRDA:101,7,1,0
BRDA:101,7,2,0
BRDA:105,8,0,0
BRDA:105,8,1,0
BRDA:106,9,0,0
BRDA:106,9,1,0
BRDA:107,10,0,0
BRDA:107,10,1,0
BRDA:107,11,0,0
BRDA:107,11,1,0
BRDA:107,11,2,0
BRDA:107,11,3,0
BRDA:109,12,0,0
BRDA:109,12,1,0
BRDA:109,13,0,0
BRDA:109,13,1,0
BRDA:110,14,0,0
BRDA:110,14,1,0
BRDA:110,15,0,0
BRDA:110,15,1,0
BRDA:111,16,0,0
BRDA:111,16,1,0
BRDA:114,17,0,0
BRDA:114,17,1,0
BRDA:122,18,0,0
BRDA:122,18,1,0
BRDA:128,19,0,0
BRDA:128,19,1,0
BRDA:134,20,0,0
BRDA:134,20,1,0
BRDA:149,21,0,0
BRDA:149,21,1,0
BRDA:151,22,0,0
BRDA:151,22,1,0
BRDA:168,23,0,0
BRDA:168,23,1,0
BRDA:176,24,0,0
BRDA:176,24,1,0
BRDA:181,25,0,0
BRDA:181,25,1,0
BRDA:186,26,0,0
BRDA:186,26,1,0
BRDA:209,27,0,0
BRDA:209,27,1,0
BRDA:218,28,0,0
BRDA:218,28,1,0
BRDA:230,29,0,0
BRDA:230,29,1,0
BRDA:236,30,0,0
BRDA:236,30,1,0
BRDA:236,31,0,0
BRDA:236,31,1,0
BRDA:238,32,0,0
BRDA:238,32,1,0
BRDA:247,33,0,0
BRDA:247,33,1,0
BRDA:253,34,0,0
BRDA:253,34,1,0
BRDA:263,35,0,0
BRDA:263,35,1,0
BRDA:264,36,0,0
BRDA:264,36,1,0
BRDA:266,37,0,0
BRDA:266,37,1,0
BRDA:273,38,0,0
BRDA:273,38,1,0
BRDA:273,39,0,0
BRDA:273,39,1,0
BRDA:278,40,0,0
BRDA:278,40,1,0
BRDA:278,41,0,0
BRDA:278,41,1,0
BRDA:328,42,0,0
BRDA:328,42,1,0
BRDA:334,43,0,0
BRDA:334,43,1,0
BRDA:334,44,0,0
BRDA:334,44,1,0
BRDA:335,45,0,0
BRDA:335,45,1,0
BRDA:335,46,0,0
BRDA:335,46,1,0
BRDA:343,47,0,0
BRDA:343,47,1,0
BRDA:343,48,0,0
BRDA:343,48,1,0
BRDA:351,49,0,0
BRDA:351,49,1,0
BRDA:351,50,0,0
BRDA:351,50,1,0
BRDA:357,51,0,0
BRDA:357,51,1,0
BRDA:384,52,0,0
BRDA:384,52,1,0
BRDA:439,53,0,0
BRDA:439,53,1,0
BRDA:448,54,0,0
BRDA:448,54,1,0
BRDA:468,55,0,0
BRDA:468,55,1,0
BRDA:473,56,0,0
BRDA:473,56,1,0
BRDA:477,57,0,0
BRDA:477,57,1,0
BRDA:481,58,0,0
BRDA:481,58,1,0
BRDA:486,59,0,0
BRDA:486,59,1,0
BRDA:487,60,0,0
BRDA:487,60,1,0
BRDA:488,61,0,0
BRDA:488,61,1,0
BRDA:494,62,0,0
BRDA:494,62,1,0
BRDA:497,63,0,0
BRDA:497,63,1,0
BRDA:522,64,0,0
BRDA:522,64,1,0
BRDA:522,64,2,0
BRF:136
BRH:0
end_of_record
TN:
SF:src\pages\Summarizer.jsx
FN:8,Summarizer
FN:39,(anonymous_1)
FN:49,(anonymous_2)
FN:53,(anonymous_3)
FN:59,(anonymous_4)
FN:63,(anonymous_5)
FN:72,(anonymous_6)
FN:90,(anonymous_7)
FN:107,(anonymous_8)
FN:141,(anonymous_9)
FN:166,(anonymous_10)
FN:189,(anonymous_11)
FN:215,(anonymous_12)
FN:239,(anonymous_13)
FN:263,(anonymous_14)
FN:289,(anonymous_15)
FNF:16
FNH:0
FNDA:0,Summarizer
FNDA:0,(anonymous_1)
FNDA:0,(anonymous_2)
FNDA:0,(anonymous_3)
FNDA:0,(anonymous_4)
FNDA:0,(anonymous_5)
FNDA:0,(anonymous_6)
FNDA:0,(anonymous_7)
FNDA:0,(anonymous_8)
FNDA:0,(anonymous_9)
FNDA:0,(anonymous_10)
FNDA:0,(anonymous_11)
FNDA:0,(anonymous_12)
FNDA:0,(anonymous_13)
FNDA:0,(anonymous_14)
FNDA:0,(anonymous_15)
DA:9,0
DA:10,0
DA:13,0
DA:14,0
DA:15,0
DA:16,0
DA:17,0
DA:18,0
DA:21,0
DA:35,0
DA:37,0
DA:39,0
DA:40,0
DA:41,0
DA:43,0
DA:44,0
DA:45,0
DA:48,0
DA:49,0
DA:50,0
DA:51,0
DA:53,0
DA:54,0
DA:56,0
DA:59,0
DA:60,0
DA:63,0
DA:64,0
DA:69,0
DA:72,0
DA:73,0
DA:74,0
DA:76,0
DA:77,0
DA:83,0
DA:84,0
DA:86,0
DA:90,0
DA:91,0
DA:100,0
DA:101,0
DA:103,0
DA:107,0
DA:108,0
DA:109,0
DA:110,0
DA:113,0
DA:141,0
DA:166,0
DA:189,0
DA:215,0
DA:239,0
DA:263,0
DA:289,0
LF:54
LH:0
BRDA:41,0,0,0
BRDA:41,0,1,0
BRDA:43,1,0,0
BRDA:43,1,1,0
BRDA:74,2,0,0
BRDA:74,2,1,0
BRDA:149,3,0,0
BRDA:149,3,1,0
BRDA:150,4,0,0
BRDA:150,4,1,0
BRDA:174,5,0,0
BRDA:174,5,1,0
BRDA:175,6,0,0
BRDA:175,6,1,0
BRDA:197,7,0,0
BRDA:197,7,1,0
BRDA:198,8,0,0
BRDA:198,8,1,0
BRDA:223,9,0,0
BRDA:223,9,1,0
BRDA:224,10,0,0
BRDA:224,10,1,0
BRDA:247,11,0,0
BRDA:247,11,1,0
BRDA:248,12,0,0
BRDA:248,12,1,0
BRDA:271,13,0,0
BRDA:271,13,1,0
BRDA:272,14,0,0
BRDA:272,14,1,0
BRDA:304,15,0,0
BRDA:304,15,1,0
BRDA:304,15,2,0
BRDA:311,16,0,0
BRDA:311,16,1,0
BRDA:316,17,0,0
BRDA:316,17,1,0
BRDA:322,18,0,0
BRDA:322,18,1,0
BRDA:326,19,0,0
BRDA:326,19,1,0
BRDA:357,20,0,0
BRDA:357,20,1,0
BRDA:375,21,0,0
BRDA:375,21,1,0
BRDA:375,21,2,0
BRDA:400,22,0,0
BRDA:400,22,1,0
BRDA:451,23,0,0
BRDA:451,23,1,0
BRDA:456,24,0,0
BRDA:456,24,1,0
BRDA:480,25,0,0
BRDA:480,25,1,0
BRF:54
BRH:0
end_of_record
TN:
SF:src\services\IterativeProfileService.js
FN:14,(anonymous_0)
FN:26,(anonymous_1)
FN:37,(anonymous_2)
FN:74,(anonymous_3)
FN:101,(anonymous_4)
FN:129,(anonymous_5)
FN:181,(anonymous_6)
FN:223,(anonymous_7)
FN:262,(anonymous_8)
FN:270,(anonymous_9)
FN:278,(anonymous_10)
FN:286,(anonymous_11)
FN:293,(anonymous_12)
FNF:13
FNH:0
FNDA:0,(anonymous_0)
FNDA:0,(anonymous_1)
FNDA:0,(anonymous_2)
FNDA:0,(anonymous_3)
FNDA:0,(anonymous_4)
FNDA:0,(anonymous_5)
FNDA:0,(anonymous_6)
FNDA:0,(anonymous_7)
FNDA:0,(anonymous_8)
FNDA:0,(anonymous_9)
FNDA:0,(anonymous_10)
FNDA:0,(anonymous_11)
FNDA:0,(anonymous_12)
DA:15,0
DA:16,0
DA:17,0
DA:18,0
DA:19,0
DA:27,0
DA:28,0
DA:29,0
DA:30,0
DA:38,0
DA:39,0
DA:43,0
DA:45,0
DA:47,0
DA:48,0
DA:50,0
DA:52,0
DA:53,0
DA:55,0
DA:57,0
DA:58,0
DA:60,0
DA:62,0
DA:63,0
DA:67,0
DA:75,0
DA:76,0
DA:79,0
DA:80,0
DA:81,0
DA:84,0
DA:85,0
DA:87,0
DA:88,0
DA:89,0
DA:91,0
DA:92,0
DA:102,0
DA:104,0
DA:105,0
DA:107,0
DA:108,0
DA:112,0
DA:115,0
DA:117,0
DA:119,0
DA:120,0
DA:130,0
DA:131,0
DA:135,0
DA:137,0
DA:139,0
DA:142,0
DA:143,0
DA:147,0
DA:150,0
DA:151,0
DA:153,0
DA:154,0
DA:156,0
DA:164,0
DA:165,0
DA:166,0
DA:182,0
DA:183,0
DA:185,0
DA:186,0
DA:187,0
DA:188,0
DA:190,0
DA:194,0
DA:196,0
DA:197,0
DA:199,0
DA:202,0
DA:204,0
DA:207,0
DA:208,0
DA:211,0
DA:213,0
DA:214,0
DA:224,0
DA:225,0
DA:228,0
DA:230,0
DA:231,0
DA:233,0
DA:234,0
DA:236,0
DA:237,0
DA:239,0
DA:240,0
DA:242,0
DA:243,0
DA:245,0
DA:246,0
DA:248,0
DA:249,0
DA:251,0
DA:252,0
DA:254,0
DA:263,0
DA:271,0
DA:279,0
DA:287,0
DA:294,0
DA:295,0
DA:296,0
LF:108
LH:0
BRDA:38,0,0,0
BRDA:38,0,1,0
BRDA:47,1,0,0
BRDA:47,1,1,0
BRDA:48,2,0,0
BRDA:48,2,1,0
BRDA:48,3,0,0
BRDA:48,3,1,0
BRDA:52,4,0,0
BRDA:52,4,1,0
BRDA:53,5,0,0
BRDA:53,5,1,0
BRDA:53,6,0,0
BRDA:53,6,1,0
BRDA:57,7,0,0
BRDA:57,7,1,0
BRDA:57,8,0,0
BRDA:57,8,1,0
BRDA:58,9,0,0
BRDA:58,9,1,0
BRDA:58,10,0,0
BRDA:58,10,1,0
BRDA:62,11,0,0
BRDA:62,11,1,0
BRDA:75,12,0,0
BRDA:75,12,1,0
BRDA:80,13,0,0
BRDA:80,13,1,0
BRDA:130,14,0,0
BRDA:130,14,1,0
BRDA:130,15,0,0
BRDA:130,15,1,0
BRDA:142,16,0,0
BRDA:142,16,1,0
BRDA:207,17,0,0
BRDA:207,17,1,0
BRDA:224,18,0,0
BRDA:224,18,1,0
BRDA:228,19,0,0
BRDA:228,19,1,0
BRDA:228,19,2,0
BRDA:228,19,3,0
BRDA:228,19,4,0
BRDA:228,19,5,0
BRDA:228,19,6,0
BRDA:228,19,7,0
BRDA:228,19,8,0
BRF:47
BRH:0
end_of_record
TN:
SF:src\services\MapsAPI.js
FN:9,(anonymous_0)
FN:22,(anonymous_1)
FN:31,(anonymous_2)
FN:41,(anonymous_3)
FN:52,(anonymous_4)
FN:63,(anonymous_5)
FN:71,(anonymous_6)
FN:79,(anonymous_7)
FN:89,(anonymous_8)
FN:103,(anonymous_9)
FN:114,(anonymous_10)
FN:124,(anonymous_11)
FN:136,(anonymous_12)
FN:140,(anonymous_13)
FN:143,(anonymous_14)
FN:167,(anonymous_15)
FN:187,(anonymous_16)
FN:204,(anonymous_17)
FN:232,(anonymous_18)
FN:280,(anonymous_19)
FN:307,(anonymous_20)
FN:310,(anonymous_21)
FN:316,(anonymous_22)
FN:327,(anonymous_23)
FN:344,(anonymous_24)
FN:354,(anonymous_25)
FN:367,(anonymous_26)
FN:402,(anonymous_27)
FN:489,(anonymous_28)
FN:510,(anonymous_29)
FN:556,(anonymous_30)
FN:557,(anonymous_31)
FN:576,(anonymous_32)
FN:589,(anonymous_33)
FN:619,(anonymous_34)
FN:639,(anonymous_35)
FN:649,(anonymous_36)
FN:655,(anonymous_37)
FN:664,(anonymous_38)
FN:706,(anonymous_39)
FN:720,(anonymous_40)
FN:777,(anonymous_41)
FN:785,(anonymous_42)
FN:789,(anonymous_43)
FN:803,(anonymous_44)
FN:833,(anonymous_45)
FN:859,(anonymous_46)
FN:881,(anonymous_47)
FN:882,(anonymous_48)
FN:883,(anonymous_49)
FN:905,(anonymous_50)
FN:906,(anonymous_51)
FN:918,(anonymous_52)
FN:936,(anonymous_53)
FN:948,(anonymous_54)
FN:964,(anonymous_55)
FN:983,(anonymous_56)
FN:998,(anonymous_57)
FN:999,(anonymous_58)
FN:1019,(anonymous_59)
FN:1032,(anonymous_60)
FN:1074,(anonymous_61)
FN:1083,(anonymous_62)
FN:1096,(anonymous_63)
FN:1100,(anonymous_64)
FN:1112,(anonymous_65)
FN:1126,(anonymous_66)
FN:1149,(anonymous_67)
FNF:68
FNH:0
FNDA:0,(anonymous_0)
FNDA:0,(anonymous_1)
FNDA:0,(anonymous_2)
FNDA:0,(anonymous_3)
FNDA:0,(anonymous_4)
FNDA:0,(anonymous_5)
FNDA:0,(anonymous_6)
FNDA:0,(anonymous_7)
FNDA:0,(anonymous_8)
FNDA:0,(anonymous_9)
FNDA:0,(anonymous_10)
FNDA:0,(anonymous_11)
FNDA:0,(anonymous_12)
FNDA:0,(anonymous_13)
FNDA:0,(anonymous_14)
FNDA:0,(anonymous_15)
FNDA:0,(anonymous_16)
FNDA:0,(anonymous_17)
FNDA:0,(anonymous_18)
FNDA:0,(anonymous_19)
FNDA:0,(anonymous_20)
FNDA:0,(anonymous_21)
FNDA:0,(anonymous_22)
FNDA:0,(anonymous_23)
FNDA:0,(anonymous_24)
FNDA:0,(anonymous_25)
FNDA:0,(anonymous_26)
FNDA:0,(anonymous_27)
FNDA:0,(anonymous_28)
FNDA:0,(anonymous_29)
FNDA:0,(anonymous_30)
FNDA:0,(anonymous_31)
FNDA:0,(anonymous_32)
FNDA:0,(anonymous_33)
FNDA:0,(anonymous_34)
FNDA:0,(anonymous_35)
FNDA:0,(anonymous_36)
FNDA:0,(anonymous_37)
FNDA:0,(anonymous_38)
FNDA:0,(anonymous_39)
FNDA:0,(anonymous_40)
FNDA:0,(anonymous_41)
FNDA:0,(anonymous_42)
FNDA:0,(anonymous_43)
FNDA:0,(anonymous_44)
FNDA:0,(anonymous_45)
FNDA:0,(anonymous_46)
FNDA:0,(anonymous_47)
FNDA:0,(anonymous_48)
FNDA:0,(anonymous_49)
FNDA:0,(anonymous_50)
FNDA:0,(anonymous_51)
FNDA:0,(anonymous_52)
FNDA:0,(anonymous_53)
FNDA:0,(anonymous_54)
FNDA:0,(anonymous_55)
FNDA:0,(anonymous_56)
FNDA:0,(anonymous_57)
FNDA:0,(anonymous_58)
FNDA:0,(anonymous_59)
FNDA:0,(anonymous_60)
FNDA:0,(anonymous_61)
FNDA:0,(anonymous_62)
FNDA:0,(anonymous_63)
FNDA:0,(anonymous_64)
FNDA:0,(anonymous_65)
FNDA:0,(anonymous_66)
FNDA:0,(anonymous_67)
DA:10,0
DA:11,0
DA:13,0
DA:23,0
DA:32,0
DA:42,0
DA:53,0
DA:64,0
DA:72,0
DA:80,0
DA:90,0
DA:104,0
DA:115,0
DA:125,0
DA:126,0
DA:127,0
DA:129,0
DA:130,0
DA:131,0
DA:133,0
DA:137,0
DA:142,0
DA:143,0
DA:146,0
DA:148,0
DA:149,0
DA:150,0
DA:152,0
DA:153,0
DA:156,0
DA:163,0
DA:168,0
DA:170,0
DA:171,0
DA:172,0
DA:174,0
DA:175,0
DA:178,0
DA:183,0
DA:188,0
DA:190,0
DA:191,0
DA:192,0
DA:194,0
DA:195,0
DA:198,0
DA:200,0
DA:207,0
DA:209,0
DA:210,0
DA:211,0
DA:212,0
DA:213,0
DA:214,0
DA:219,0
DA:222,0
DA:225,0
DA:261,0
DA:262,0
DA:263,0
DA:264,0
DA:265,0
DA:268,0
DA:275,0
DA:276,0
DA:277,0
DA:280,0
DA:281,0
DA:282,0
DA:285,0
DA:286,0
DA:287,0
DA:288,0
DA:289,0
DA:291,0
DA:294,0
DA:295,0
DA:297,0
DA:307,0
DA:310,0
DA:312,0
DA:318,0
DA:332,0
DA:338,0
DA:339,0
DA:340,0
DA:342,0
DA:343,0
DA:344,0
DA:353,0
DA:356,0
DA:359,0
DA:362,0
DA:363,0
DA:365,0
DA:367,0
DA:387,0
DA:389,0
DA:391,0
DA:405,0
DA:406,0
DA:408,0
DA:413,0
DA:419,0
DA:425,0
DA:431,0
DA:437,0
DA:443,0
DA:468,0
DA:471,0
DA:472,0
DA:474,0
DA:475,0
DA:476,0
DA:478,0
DA:481,0
DA:482,0
DA:483,0
DA:485,0
DA:487,0
DA:488,0
DA:489,0
DA:490,0
DA:493,0
DA:502,0
DA:503,0
DA:506,0
DA:508,0
DA:510,0
DA:512,0
DA:513,0
DA:516,0
DA:517,0
DA:518,0
DA:519,0
DA:520,0
DA:521,0
DA:522,0
DA:525,0
DA:526,0
DA:528,0
DA:529,0
DA:531,0
DA:532,0
DA:536,0
DA:556,0
DA:557,0
DA:560,0
DA:562,0
DA:566,0
DA:567,0
DA:570,0
DA:571,0
DA:574,0
DA:575,0
DA:576,0
DA:581,0
DA:591,0
DA:592,0
DA:596,0
DA:597,0
DA:598,0
DA:599,0
DA:600,0
DA:603,0
DA:608,0
DA:620,0
DA:621,0
DA:624,0
DA:626,0
DA:627,0
DA:629,0
DA:630,0
DA:631,0
DA:633,0
DA:634,0
DA:638,0
DA:639,0
DA:643,0
DA:651,0
DA:652,0
DA:655,0
DA:656,0
DA:657,0
DA:665,0
DA:667,0
DA:670,0
DA:673,0
DA:674,0
DA:675,0
DA:676,0
DA:679,0
DA:682,0
DA:683,0
DA:684,0
DA:685,0
DA:689,0
DA:690,0
DA:691,0
DA:692,0
DA:696,0
DA:697,0
DA:700,0
DA:701,0
DA:702,0
DA:707,0
DA:721,0
DA:731,0
DA:733,0
DA:739,0
DA:740,0
DA:741,0
DA:744,0
DA:745,0
DA:746,0
DA:747,0
DA:748,0
DA:749,0
DA:750,0
DA:751,0
DA:752,0
DA:753,0
DA:754,0
DA:756,0
DA:757,0
DA:761,0
DA:762,0
DA:763,0
DA:764,0
DA:768,0
DA:778,0
DA:779,0
DA:780,0
DA:782,0
DA:786,0
DA:790,0
DA:791,0
DA:792,0
DA:794,0
DA:801,0
DA:802,0
DA:803,0
DA:805,0
DA:808,0
DA:810,0
DA:811,0
DA:812,0
DA:814,0
DA:815,0
DA:818,0
DA:819,0
DA:821,0
DA:829,0
DA:834,0
DA:839,0
DA:841,0
DA:842,0
DA:843,0
DA:845,0
DA:846,0
DA:849,0
DA:850,0
DA:855,0
DA:860,0
DA:865,0
DA:867,0
DA:868,0
DA:869,0
DA:871,0
DA:872,0
DA:875,0
DA:877,0
DA:882,0
DA:883,0
DA:885,0
DA:892,0
DA:894,0
DA:895,0
DA:896,0
DA:898,0
DA:899,0
DA:902,0
DA:906,0
DA:914,0
DA:919,0
DA:926,0
DA:928,0
DA:929,0
DA:930,0
DA:932,0
DA:933,0
DA:936,0
DA:944,0
DA:949,0
DA:951,0
DA:952,0
DA:954,0
DA:965,0
DA:971,0
DA:973,0
DA:974,0
DA:975,0
DA:977,0
DA:978,0
DA:982,0
DA:984,0
DA:985,0
DA:991,0
DA:994,0
DA:996,0
DA:997,0
DA:998,0
DA:999,0
DA:1001,0
DA:1011,0
DA:1013,0
DA:1014,0
DA:1019,0
DA:1021,0
DA:1034,0
DA:1035,0
DA:1038,0
DA:1039,0
DA:1040,0
DA:1041,0
DA:1044,0
DA:1054,0
DA:1057,0
DA:1058,0
DA:1060,0
DA:1067,0
DA:1069,0
DA:1070,0
DA:1071,0
DA:1073,0
DA:1074,0
DA:1083,0
DA:1087,0
DA:1090,0
DA:1095,0
DA:1096,0
DA:1100,0
DA:1102,0
DA:1103,0
DA:1106,0
DA:1109,0
DA:1113,0
DA:1127,0
DA:1128,0
DA:1130,0
DA:1136,0
DA:1138,0
DA:1139,0
DA:1140,0
DA:1141,0
DA:1143,0
DA:1144,0
DA:1148,0
DA:1149,0
DA:1150,0
DA:1151,0
DA:1155,0
LF:362
LH:0
BRDA:10,0,0,0
BRDA:10,0,1,0
BRDA:22,1,0,0
BRDA:52,2,0,0
BRDA:89,3,0,0
BRDA:114,4,0,0
BRDA:114,5,0,0
BRDA:124,6,0,0
BRDA:140,7,0,0
BRDA:152,8,0,0
BRDA:152,8,1,0
BRDA:174,9,0,0
BRDA:174,9,1,0
BRDA:174,10,0,0
BRDA:174,10,1,0
BRDA:194,11,0,0
BRDA:194,11,1,0
BRDA:194,12,0,0
BRDA:194,12,1,0
BRDA:204,13,0,0
BRDA:327,14,0,0
BRDA:343,15,0,0
BRDA:343,15,1,0
BRDA:362,16,0,0
BRDA:362,16,1,0
BRDA:363,17,0,0
BRDA:363,17,1,0
BRDA:365,18,0,0
BRDA:365,18,1,0
BRDA:368,19,0,0
BRDA:368,19,1,0
BRDA:374,20,0,0
BRDA:374,20,1,0
BRDA:402,21,0,0
BRDA:402,22,0,0
BRDA:447,23,0,0
BRDA:447,23,1,0
BRDA:448,24,0,0
BRDA:448,24,1,0
BRDA:449,25,0,0
BRDA:449,25,1,0
BRDA:450,26,0,0
BRDA:450,26,1,0
BRDA:451,27,0,0
BRDA:451,27,1,0
BRDA:452,28,0,0
BRDA:452,28,1,0
BRDA:481,29,0,0
BRDA:481,29,1,0
BRDA:485,30,0,0
BRDA:485,30,1,0
BRDA:502,31,0,0
BRDA:502,31,1,0
BRDA:512,32,0,0
BRDA:512,32,1,0
BRDA:513,33,0,0
BRDA:513,33,1,0
BRDA:517,34,0,0
BRDA:517,34,1,0
BRDA:518,35,0,0
BRDA:518,35,1,0
BRDA:519,36,0,0
BRDA:519,36,1,0
BRDA:520,37,0,0
BRDA:520,37,1,0
BRDA:521,38,0,0
BRDA:521,38,1,0
BRDA:522,39,0,0
BRDA:522,39,1,0
BRDA:526,40,0,0
BRDA:526,40,1,0
BRDA:529,41,0,0
BRDA:529,41,1,0
BRDA:538,42,0,0
BRDA:538,42,1,0
BRDA:539,43,0,0
BRDA:539,43,1,0
BRDA:539,43,2,0
BRDA:539,43,3,0
BRDA:540,44,0,0
BRDA:540,44,1,0
BRDA:540,45,0,0
BRDA:540,45,1,0
BRDA:556,46,0,0
BRDA:556,46,1,0
BRDA:566,47,0,0
BRDA:566,47,1,0
BRDA:566,48,0,0
BRDA:566,48,1,0
BRDA:581,49,0,0
BRDA:581,49,1,0
BRDA:591,50,0,0
BRDA:591,50,1,0
BRDA:596,51,0,0
BRDA:596,51,1,0
BRDA:599,52,0,0
BRDA:599,52,1,0
BRDA:620,53,0,0
BRDA:620,53,1,0
BRDA:620,54,0,0
BRDA:620,54,1,0
BRDA:638,55,0,0
BRDA:638,55,1,0
BRDA:651,56,0,0
BRDA:651,56,1,0
BRDA:674,57,0,0
BRDA:674,57,1,0
BRDA:683,58,0,0
BRDA:683,58,1,0
BRDA:683,59,0,0
BRDA:683,59,1,0
BRDA:690,60,0,0
BRDA:690,60,1,0
BRDA:721,61,0,0
BRDA:721,62,0,0
BRDA:721,63,0,0
BRDA:731,64,0,0
BRDA:731,64,1,0
BRDA:744,65,0,0
BRDA:744,65,1,0
BRDA:745,66,0,0
BRDA:745,66,1,0
BRDA:746,67,0,0
BRDA:746,67,1,0
BRDA:747,68,0,0
BRDA:747,68,1,0
BRDA:748,69,0,0
BRDA:748,69,1,0
BRDA:749,70,0,0
BRDA:749,70,1,0
BRDA:750,71,0,0
BRDA:750,71,1,0
BRDA:751,72,0,0
BRDA:751,72,1,0
BRDA:752,73,0,0
BRDA:752,73,1,0
BRDA:753,74,0,0
BRDA:753,74,1,0
BRDA:779,75,0,0
BRDA:779,75,1,0
BRDA:789,76,0,0
BRDA:798,77,0,0
BRDA:798,77,1,0
BRDA:801,78,0,0
BRDA:801,78,1,0
BRDA:814,79,0,0
BRDA:814,79,1,0
BRDA:845,80,0,0
BRDA:845,80,1,0
BRDA:845,81,0,0
BRDA:845,81,1,0
BRDA:871,82,0,0
BRDA:871,82,1,0
BRDA:871,83,0,0
BRDA:871,83,1,0
BRDA:881,84,0,0
BRDA:889,85,0,0
BRDA:889,85,1,0
BRDA:898,86,0,0
BRDA:898,86,1,0
BRDA:932,87,0,0
BRDA:932,87,1,0
BRDA:932,88,0,0
BRDA:932,88,1,0
BRDA:964,89,0,0
BRDA:977,90,0,0
BRDA:977,90,1,0
BRDA:977,91,0,0
BRDA:977,91,1,0
BRDA:996,92,0,0
BRDA:996,92,1,0
BRDA:997,93,0,0
BRDA:997,93,1,0
BRDA:1032,94,0,0
BRDA:1032,95,0,0
BRDA:1058,96,0,0
BRDA:1058,96,1,0
BRDA:1073,97,0,0
BRDA:1073,97,1,0
BRDA:1073,98,0,0
BRDA:1073,98,1,0
BRDA:1074,99,0,0
BRDA:1074,99,1,0
BRDA:1102,100,0,0
BRDA:1102,100,1,0
BRDA:1103,101,0,0
BRDA:1103,101,1,0
BRDA:1103,102,0,0
BRDA:1103,102,1,0
BRDA:1106,103,0,0
BRDA:1106,103,1,0
BRDA:1106,104,0,0
BRDA:1106,104,1,0
BRDA:1127,105,0,0
BRDA:1127,106,0,0
BRDA:1127,107,0,0
BRDA:1136,108,0,0
BRDA:1136,108,1,0
BRDA:1148,109,0,0
BRDA:1148,109,1,0
BRDA:1150,110,0,0
BRDA:1150,110,1,0
BRF:202
BRH:0
end_of_record
TN:
SF:src\services\PromptAPI.js
FN:6,(anonymous_0)
FN:14,(anonymous_1)
FN:34,(anonymous_2)
FN:60,(anonymous_3)
FN:92,(anonymous_4)
FN:110,(anonymous_5)
FN:127,(anonymous_6)
FN:135,(anonymous_7)
FN:144,(anonymous_8)
FN:156,(anonymous_9)
FNF:10
FNH:0
FNDA:0,(anonymous_0)
FNDA:0,(anonymous_1)
FNDA:0,(anonymous_2)
FNDA:0,(anonymous_3)
FNDA:0,(anonymous_4)
FNDA:0,(anonymous_5)
FNDA:0,(anonymous_6)
FNDA:0,(anonymous_7)
FNDA:0,(anonymous_8)
FNDA:0,(anonymous_9)
DA:7,0
DA:15,0
DA:16,0
DA:17,0
DA:20,0
DA:21,0
DA:22,0
DA:24,0
DA:25,0
DA:35,0
DA:36,0
DA:37,0
DA:41,0
DA:46,0
DA:47,0
DA:49,0
DA:50,0
DA:61,0
DA:62,0
DA:65,0
DA:66,0
DA:67,0
DA:69,0
DA:71,0
DA:73,0
DA:75,0
DA:76,0
DA:82,0
DA:93,0
DA:94,0
DA:97,0
DA:98,0
DA:99,0
DA:101,0
DA:102,0
DA:111,0
DA:112,0
DA:113,0
DA:114,0
DA:116,0
DA:118,0
DA:128,0
DA:136,0
DA:145,0
DA:146,0
DA:157,0
DA:158,0
DA:161,0
LF:48
LH:0
BRDA:16,0,0,0
BRDA:16,0,1,0
BRDA:34,1,0,0
BRDA:36,2,0,0
BRDA:36,2,1,0
BRDA:60,3,0,0
BRDA:61,4,0,0
BRDA:61,4,1,0
BRDA:92,5,0,0
BRDA:93,6,0,0
BRDA:93,6,1,0
BRDA:111,7,0,0
BRDA:111,7,1,0
BRDA:144,8,0,0
BRDA:156,9,0,0
BRDA:157,10,0,0
BRDA:157,10,1,0
BRF:17
BRH:0
end_of_record
TN:
SF:src\services\SimpleProfileConfig.js
FN:26,(anonymous_0)
FN:104,getNextQuestion
FN:129,isFieldUnfilled
FN:162,processAnswer
FN:191,(anonymous_4)
FN:241,getCompletionPercentage
FNF:6
FNH:5
FNDA:26,(anonymous_0)
FNDA:19,getNextQuestion
FNDA:140,isFieldUnfilled
FNDA:48,processAnswer
FNDA:0,(anonymous_4)
FNDA:9,getCompletionPercentage
DA:6,3
DA:26,26
DA:105,19
DA:106,76
DA:109,76
DA:111,5
DA:115,71
DA:116,17
DA:120,2
DA:130,140
DA:135,78
DA:138,23
DA:143,27
DA:147,12
DA:151,0
DA:163,48
DA:164,48
DA:166,20
DA:168,20
DA:169,11
DA:172,9
DA:174,20
DA:178,12
DA:179,12
DA:182,7
DA:183,7
DA:186,5
DA:187,4
DA:190,5
DA:191,0
DA:192,0
DA:194,5
DA:196,5
DA:198,5
DA:201,2
DA:202,2
DA:212,2
DA:213,2
DA:215,2
DA:218,2
DA:219,2
DA:220,2
DA:222,2
DA:225,0
DA:226,0
DA:229,48
DA:231,0
DA:232,0
DA:242,9
DA:243,9
DA:245,9
DA:247,72
DA:249,3
DA:252,69
DA:254,69
DA:255,24
DA:259,9
LF:57
LH:50
BRDA:109,0,0,5
BRDA:109,0,1,71
BRDA:109,1,0,76
BRDA:109,1,1,17
BRDA:115,2,0,17
BRDA:115,2,1,54
BRDA:130,3,0,28
BRDA:130,3,1,46
BRDA:130,3,2,63
BRDA:130,3,3,78
BRDA:130,3,4,23
BRDA:130,3,5,14
BRDA:130,3,6,27
BRDA:130,3,7,12
BRDA:130,3,8,0
BRDA:138,4,0,23
BRDA:138,4,1,11
BRDA:143,5,0,27
BRDA:143,5,1,11
BRDA:147,6,0,12
BRDA:147,6,1,4
BRDA:164,7,0,20
BRDA:164,7,1,5
BRDA:164,7,2,10
BRDA:164,7,3,12
BRDA:164,7,4,7
BRDA:164,7,5,5
BRDA:164,7,6,2
BRDA:164,7,7,2
BRDA:164,7,8,0
BRDA:168,8,0,11
BRDA:168,8,1,9
BRDA:182,9,0,7
BRDA:182,9,1,0
BRDA:186,10,0,4
BRDA:186,10,1,1
BRDA:190,11,0,0
BRDA:190,11,1,5
BRDA:194,12,0,5
BRDA:194,12,1,0
BRDA:201,13,0,2
BRDA:201,13,1,0
BRDA:212,14,0,2
BRDA:212,14,1,0
BRDA:218,15,0,2
BRDA:218,15,1,0
BRDA:218,16,0,2
BRDA:218,16,1,2
BRDA:218,16,2,2
BRDA:247,17,0,3
BRDA:247,17,1,69
BRDA:247,18,0,72
BRDA:247,18,1,9
BRDA:254,19,0,24
BRDA:254,19,1,45
BRDA:259,20,0,9
BRDA:259,20,1,0
BRF:57
BRH:48
end_of_record
TN:
SF:src\services\SummarizerAPI.js
FN:6,(anonymous_0)
FN:14,(anonymous_1)
FN:36,(anonymous_2)
FN:64,(anonymous_3)
FN:68,(anonymous_4)
FN:69,(anonymous_5)
FN:96,(anonymous_6)
FN:120,(anonymous_7)
FN:128,(anonymous_8)
FN:144,(anonymous_9)
FNF:10
FNH:0
FNDA:0,(anonymous_0)
FNDA:0,(anonymous_1)
FNDA:0,(anonymous_2)
FNDA:0,(anonymous_3)
FNDA:0,(anonymous_4)
FNDA:0,(anonymous_5)
FNDA:0,(anonymous_6)
FNDA:0,(anonymous_7)
FNDA:0,(anonymous_8)
FNDA:0,(anonymous_9)
DA:7,0
DA:15,0
DA:16,0
DA:17,0
DA:18,0
DA:21,0
DA:22,0
DA:23,0
DA:25,0
DA:26,0
DA:37,0
DA:38,0
DA:51,0
DA:53,0
DA:54,0
DA:65,0
DA:66,0
DA:69,0
DA:70,0
DA:71,0
DA:72,0
DA:73,0
DA:78,0
DA:80,0
DA:81,0
DA:97,0
DA:98,0
DA:101,0
DA:103,0
DA:108,0
DA:109,0
DA:111,0
DA:112,0
DA:121,0
DA:129,0
DA:130,0
DA:131,0
DA:132,0
DA:134,0
DA:136,0
DA:145,0
LF:41
LH:0
BRDA:16,0,0,0
BRDA:16,0,1,0
BRDA:36,1,0,0
BRDA:64,2,0,0
BRDA:72,3,0,0
BRDA:72,3,1,0
BRDA:96,4,0,0
BRDA:97,5,0,0
BRDA:97,5,1,0
BRDA:129,6,0,0
BRDA:129,6,1,0
BRF:11
BRH:0
end_of_record
TN:
SF:src\services\UserProfilePromptConfig.js
FN:93,validateUserProfileResponse
FN:148,extractUserProfileData
FN:172,createUserProfilePrompt
FN:185,createProfileSummaryPrompt
FN:263,createFieldQuestionPrompt
FN:288,createFieldParsingPrompt
FN:320,getFieldValueHints
FN:346,createFieldResponseConstraint
FN:368,validateFieldData
FN:383,(anonymous_9)
FN:390,(anonymous_10)
FNF:11
FNH:0
FNDA:0,validateUserProfileResponse
FNDA:0,extractUserProfileData
FNDA:0,createUserProfilePrompt
FNDA:0,createProfileSummaryPrompt
FNDA:0,createFieldQuestionPrompt
FNDA:0,createFieldParsingPrompt
FNDA:0,getFieldValueHints
FNDA:0,createFieldResponseConstraint
FNDA:0,validateFieldData
FNDA:0,(anonymous_9)
FNDA:0,(anonymous_10)
DA:7,0
DA:58,0
DA:94,0
DA:96,0
DA:97,0
DA:101,0
DA:104,0
DA:105,0
DA:109,0
DA:110,0
DA:111,0
DA:112,0
DA:118,0
DA:119,0
DA:123,0
DA:124,0
DA:128,0
DA:129,0
DA:130,0
DA:132,0
DA:136,0
DA:138,0
DA:139,0
DA:149,0
DA:150,0
DA:153,0
DA:159,0
DA:173,0
DA:186,0
DA:205,0
DA:264,0
DA:265,0
DA:266,0
DA:269,0
DA:289,0
DA:290,0
DA:291,0
DA:294,0
DA:321,0
DA:323,0
DA:325,0
DA:327,0
DA:329,0
DA:331,0
DA:333,0
DA:335,0
DA:337,0
DA:347,0
DA:348,0
DA:349,0
DA:352,0
DA:369,0
DA:370,0
DA:371,0
DA:374,0
DA:376,0
DA:378,0
DA:380,0
DA:382,0
DA:383,0
DA:385,0
DA:387,0
DA:389,0
DA:391,0
DA:393,0
DA:394,0
DA:402,0
DA:403,0
DA:409,0
DA:412,0
DA:413,0
LF:71
LH:0
BRDA:96,0,0,0
BRDA:96,0,1,0
BRDA:96,1,0,0
BRDA:96,1,1,0
BRDA:104,2,0,0
BRDA:104,2,1,0
BRDA:104,3,0,0
BRDA:104,3,1,0
BRDA:109,4,0,0
BRDA:109,4,1,0
BRDA:109,5,0,0
BRDA:109,5,1,0
BRDA:111,6,0,0
BRDA:111,6,1,0
BRDA:118,7,0,0
BRDA:118,7,1,0
BRDA:118,8,0,0
BRDA:118,8,1,0
BRDA:118,8,2,0
BRDA:123,9,0,0
BRDA:123,9,1,0
BRDA:123,10,0,0
BRDA:123,10,1,0
BRDA:123,10,2,0
BRDA:128,11,0,0
BRDA:128,11,1,0
BRDA:130,12,0,0
BRDA:130,12,1,0
BRDA:130,13,0,0
BRDA:130,13,1,0
BRDA:130,13,2,0
BRDA:130,13,3,0
BRDA:130,13,4,0
BRDA:130,13,5,0
BRDA:130,13,6,0
BRDA:130,13,7,0
BRDA:149,14,0,0
BRDA:149,14,1,0
BRDA:172,15,0,0
BRDA:263,16,0,0
BRDA:265,17,0,0
BRDA:265,17,1,0
BRDA:288,18,0,0
BRDA:290,19,0,0
BRDA:290,19,1,0
BRDA:321,20,0,0
BRDA:321,20,1,0
BRDA:321,20,2,0
BRDA:321,20,3,0
BRDA:321,20,4,0
BRDA:321,20,5,0
BRDA:321,20,6,0
BRDA:321,20,7,0
BRDA:348,21,0,0
BRDA:348,21,1,0
BRDA:370,22,0,0
BRDA:370,22,1,0
BRDA:376,23,0,0
BRDA:376,23,1,0
BRDA:376,23,2,0
BRDA:376,23,3,0
BRDA:376,23,4,0
BRDA:376,23,5,0
BRDA:376,23,6,0
BRDA:376,23,7,0
BRDA:376,23,8,0
BRDA:382,24,0,0
BRDA:382,24,1,0
BRDA:389,25,0,0
BRDA:389,25,1,0
BRDA:391,26,0,0
BRDA:391,26,1,0
BRDA:391,26,2,0
BRDA:394,27,0,0
BRDA:394,27,1,0
BRDA:394,27,2,0
BRDA:394,27,3,0
BRDA:394,27,4,0
BRDA:394,27,5,0
BRDA:394,27,6,0
BRDA:403,28,0,0
BRDA:403,28,1,0
BRDA:403,28,2,0
BRDA:403,28,3,0
BRDA:403,28,4,0
BRDA:403,28,5,0
BRDA:403,28,6,0
BRF:87
BRH:0
end_of_record
TN:
SF:src\services\maps-example.js
FN:8,exampleOpenStreetMap
FN:38,exampleGoogleMaps
FN:74,examplePolymorphism
FN:89,exampleSwitchProviders
FNF:4
FNH:0
FNDA:0,exampleOpenStreetMap
FNDA:0,exampleGoogleMaps
FNDA:0,examplePolymorphism
FNDA:0,exampleSwitchProviders
DA:9,0
DA:11,0
DA:14,0
DA:15,0
DA:18,0
DA:23,0
DA:24,0
DA:25,0
DA:28,0
DA:29,0
DA:32,0
DA:33,0
DA:39,0
DA:41,0
DA:44,0
DA:45,0
DA:48,0
DA:49,0
DA:52,0
DA:58,0
DA:59,0
DA:62,0
DA:63,0
DA:68,0
DA:69,0
DA:75,0
DA:77,0
DA:78,0
DA:80,0
DA:82,0
DA:83,0
DA:84,0
DA:90,0
DA:95,0
DA:96,0
LF:35
LH:0
BRF:0
BRH:0
end_of_record
TN:
SF:src\utils\categoryMapping.js
FN:16,(anonymous_0)
FN:26,getCategoryLabel
FN:46,(anonymous_2)
FN:54,getAllCategories
FN:62,getAllCategoryValues
FN:63,(anonymous_5)
FNF:6
FNH:0
FNDA:0,(anonymous_0)
FNDA:0,getCategoryLabel
FNDA:0,(anonymous_2)
FNDA:0,getAllCategories
FNDA:0,getAllCategoryValues
FNDA:0,(anonymous_5)
DA:6,0
DA:16,0
DA:17,0
DA:18,0
DA:27,0
DA:29,0
DA:32,0
DA:33,0
DA:37,0
DA:38,0
DA:39,0
DA:44,0
DA:46,0
DA:55,0
DA:63,0
LF:15
LH:0
BRDA:27,0,0,0
BRDA:27,0,1,0
BRDA:32,1,0,0
BRDA:32,1,1,0
BRDA:38,2,0,0
BRDA:38,2,1,0
BRDA:38,3,0,0
BRDA:38,3,1,0
BRF:8
BRH:0
end_of_record
TN:
SF:src\utils\markdown.js
FN:1,renderMarkdown
FNF:1
FNH:0
FNDA:0,renderMarkdown
DA:2,0
LF:1
LH:0
BRF:0
BRH:0
end_of_record
